{"E:\\Repos\\gym\\gym-admin-panel\\error.vue": {"path":"E:\\Repos\\gym\\gym-admin-panel\\error.vue","all":true,"statementMap":{"0":{"start":{"line":1,"column":0},"end":{"line":1,"column":10}},"2":{"start":{"line":3,"column":0},"end":{"line":3,"column":50}}},"s":{"0":0,"2":0},"branchMap":{"0":{"type":"branch","line":1,"loc":{"start":{"line":1,"column":239},"end":{"line":13,"column":8}},"locations":[{"start":{"line":1,"column":239},"end":{"line":13,"column":8}}]}},"b":{"0":[0]},"fnMap":{"0":{"name":"(empty-report)","decl":{"start":{"line":1,"column":239},"end":{"line":13,"column":8}},"loc":{"start":{"line":1,"column":239},"end":{"line":13,"column":8}},"line":1}},"f":{"0":0}}
,"E:\\Repos\\gym\\gym-admin-panel\\postcss.config.js": {"path":"E:\\Repos\\gym\\gym-admin-panel\\postcss.config.js","all":true,"statementMap":{"0":{"start":{"line":1,"column":0},"end":{"line":1,"column":59}},"1":{"start":{"line":2,"column":0},"end":{"line":2,"column":0}},"2":{"start":{"line":3,"column":0},"end":{"line":3,"column":39}},"3":{"start":{"line":4,"column":0},"end":{"line":4,"column":38}},"4":{"start":{"line":5,"column":0},"end":{"line":5,"column":0}},"5":{"start":{"line":6,"column":0},"end":{"line":6,"column":16}},"6":{"start":{"line":7,"column":0},"end":{"line":7,"column":12}},"7":{"start":{"line":8,"column":0},"end":{"line":8,"column":46}},"8":{"start":{"line":9,"column":0},"end":{"line":9,"column":18}},"9":{"start":{"line":10,"column":0},"end":{"line":10,"column":29}},"10":{"start":{"line":11,"column":0},"end":{"line":11,"column":33}},"11":{"start":{"line":12,"column":0},"end":{"line":12,"column":34}},"12":{"start":{"line":13,"column":0},"end":{"line":13,"column":31}},"13":{"start":{"line":14,"column":0},"end":{"line":14,"column":33}},"14":{"start":{"line":15,"column":0},"end":{"line":15,"column":34}},"15":{"start":{"line":16,"column":0},"end":{"line":16,"column":40}},"16":{"start":{"line":17,"column":0},"end":{"line":17,"column":41}},"17":{"start":{"line":18,"column":0},"end":{"line":18,"column":29}},"18":{"start":{"line":19,"column":0},"end":{"line":19,"column":7}},"19":{"start":{"line":20,"column":0},"end":{"line":20,"column":7}},"20":{"start":{"line":21,"column":0},"end":{"line":21,"column":0}},"21":{"start":{"line":22,"column":0},"end":{"line":22,"column":51}},"22":{"start":{"line":23,"column":0},"end":{"line":23,"column":43}},"23":{"start":{"line":24,"column":0},"end":{"line":24,"column":50}},"24":{"start":{"line":25,"column":0},"end":{"line":25,"column":79}},"25":{"start":{"line":26,"column":0},"end":{"line":26,"column":72}},"26":{"start":{"line":27,"column":0},"end":{"line":27,"column":15}},"27":{"start":{"line":28,"column":0},"end":{"line":28,"column":3}},"28":{"start":{"line":29,"column":0},"end":{"line":29,"column":1}}},"s":{"0":0,"1":0,"2":0,"3":0,"4":0,"5":0,"6":0,"7":0,"8":0,"9":0,"10":0,"11":0,"12":0,"13":0,"14":0,"15":0,"16":0,"17":0,"18":0,"19":0,"20":0,"21":0,"22":0,"23":0,"24":0,"25":0,"26":0,"27":0,"28":0},"branchMap":{"0":{"type":"branch","line":1,"loc":{"start":{"line":1,"column":916},"end":{"line":29,"column":1}},"locations":[{"start":{"line":1,"column":916},"end":{"line":29,"column":1}}]}},"b":{"0":[0]},"fnMap":{"0":{"name":"(empty-report)","decl":{"start":{"line":1,"column":916},"end":{"line":29,"column":1}},"loc":{"start":{"line":1,"column":916},"end":{"line":29,"column":1}},"line":1}},"f":{"0":0}}
,"E:\\Repos\\gym\\gym-admin-panel\\quasar.config.ts": {"path":"E:\\Repos\\gym\\gym-admin-panel\\quasar.config.ts","all":true,"statementMap":{"3":{"start":{"line":4,"column":0},"end":{"line":4,"column":47}},"5":{"start":{"line":6,"column":0},"end":{"line":6,"column":44}},"6":{"start":{"line":7,"column":0},"end":{"line":7,"column":10}},"13":{"start":{"line":14,"column":0},"end":{"line":14,"column":11}},"14":{"start":{"line":15,"column":0},"end":{"line":15,"column":14}},"15":{"start":{"line":16,"column":0},"end":{"line":16,"column":18}},"16":{"start":{"line":17,"column":0},"end":{"line":17,"column":6}},"19":{"start":{"line":20,"column":0},"end":{"line":20,"column":10}},"20":{"start":{"line":21,"column":0},"end":{"line":21,"column":16}},"21":{"start":{"line":22,"column":0},"end":{"line":22,"column":6}},"24":{"start":{"line":25,"column":0},"end":{"line":25,"column":13}},"33":{"start":{"line":34,"column":0},"end":{"line":34,"column":57}},"34":{"start":{"line":35,"column":0},"end":{"line":35,"column":60}},"35":{"start":{"line":36,"column":0},"end":{"line":36,"column":32}},"36":{"start":{"line":37,"column":0},"end":{"line":37,"column":15}},"37":{"start":{"line":38,"column":0},"end":{"line":38,"column":6}},"40":{"start":{"line":41,"column":0},"end":{"line":41,"column":12}},"41":{"start":{"line":42,"column":0},"end":{"line":42,"column":15}},"42":{"start":{"line":43,"column":0},"end":{"line":43,"column":77}},"43":{"start":{"line":44,"column":0},"end":{"line":44,"column":23}},"44":{"start":{"line":45,"column":0},"end":{"line":45,"column":8}},"46":{"start":{"line":47,"column":0},"end":{"line":47,"column":19}},"47":{"start":{"line":48,"column":0},"end":{"line":48,"column":21}},"48":{"start":{"line":49,"column":0},"end":{"line":49,"column":21}},"50":{"start":{"line":51,"column":0},"end":{"line":51,"column":8}},"52":{"start":{"line":53,"column":0},"end":{"line":53,"column":70}},"64":{"start":{"line":65,"column":0},"end":{"line":65,"column":19}},"65":{"start":{"line":66,"column":0},"end":{"line":66,"column":23}},"70":{"start":{"line":71,"column":0},"end":{"line":71,"column":20}},"71":{"start":{"line":72,"column":0},"end":{"line":72,"column":33}},"72":{"start":{"line":73,"column":0},"end":{"line":73,"column":23}},"73":{"start":{"line":74,"column":0},"end":{"line":74,"column":19}},"74":{"start":{"line":75,"column":0},"end":{"line":75,"column":90}},"75":{"start":{"line":76,"column":0},"end":{"line":76,"column":31}},"76":{"start":{"line":77,"column":0},"end":{"line":77,"column":11}},"77":{"start":{"line":78,"column":0},"end":{"line":78,"column":29}},"78":{"start":{"line":79,"column":0},"end":{"line":79,"column":7}},"79":{"start":{"line":80,"column":0},"end":{"line":80,"column":6}},"82":{"start":{"line":83,"column":0},"end":{"line":83,"column":16}},"84":{"start":{"line":85,"column":0},"end":{"line":85,"column":54}},"85":{"start":{"line":86,"column":0},"end":{"line":86,"column":6}},"88":{"start":{"line":89,"column":0},"end":{"line":89,"column":16}},"89":{"start":{"line":90,"column":0},"end":{"line":90,"column":15}},"90":{"start":{"line":91,"column":0},"end":{"line":91,"column":21}},"91":{"start":{"line":92,"column":0},"end":{"line":92,"column":20}},"92":{"start":{"line":93,"column":0},"end":{"line":93,"column":19}},"93":{"start":{"line":94,"column":0},"end":{"line":94,"column":8}},"101":{"start":{"line":102,"column":0},"end":{"line":102,"column":19}},"102":{"start":{"line":103,"column":0},"end":{"line":103,"column":18}},"103":{"start":{"line":104,"column":0},"end":{"line":104,"column":18}},"104":{"start":{"line":105,"column":0},"end":{"line":105,"column":18}},"105":{"start":{"line":106,"column":0},"end":{"line":106,"column":25}},"106":{"start":{"line":107,"column":0},"end":{"line":107,"column":16}},"107":{"start":{"line":108,"column":0},"end":{"line":108,"column":19}},"108":{"start":{"line":109,"column":0},"end":{"line":109,"column":24}},"109":{"start":{"line":110,"column":0},"end":{"line":110,"column":15}},"110":{"start":{"line":111,"column":0},"end":{"line":111,"column":16}},"111":{"start":{"line":112,"column":0},"end":{"line":112,"column":16}},"112":{"start":{"line":113,"column":0},"end":{"line":113,"column":16}},"113":{"start":{"line":114,"column":0},"end":{"line":114,"column":23}},"114":{"start":{"line":115,"column":0},"end":{"line":115,"column":21}},"115":{"start":{"line":116,"column":0},"end":{"line":116,"column":16}},"116":{"start":{"line":117,"column":0},"end":{"line":117,"column":23}},"117":{"start":{"line":118,"column":0},"end":{"line":118,"column":23}},"118":{"start":{"line":119,"column":0},"end":{"line":119,"column":17}},"119":{"start":{"line":120,"column":0},"end":{"line":120,"column":16}},"120":{"start":{"line":121,"column":0},"end":{"line":121,"column":19}},"121":{"start":{"line":122,"column":0},"end":{"line":122,"column":17}},"122":{"start":{"line":123,"column":0},"end":{"line":123,"column":14}},"123":{"start":{"line":124,"column":0},"end":{"line":124,"column":14}},"124":{"start":{"line":125,"column":0},"end":{"line":125,"column":14}},"125":{"start":{"line":126,"column":0},"end":{"line":126,"column":18}},"126":{"start":{"line":127,"column":0},"end":{"line":127,"column":18}},"127":{"start":{"line":128,"column":0},"end":{"line":128,"column":16}},"128":{"start":{"line":129,"column":0},"end":{"line":129,"column":8}},"130":{"start":{"line":131,"column":0},"end":{"line":131,"column":19}},"131":{"start":{"line":132,"column":0},"end":{"line":132,"column":17}},"132":{"start":{"line":133,"column":0},"end":{"line":133,"column":20}},"133":{"start":{"line":134,"column":0},"end":{"line":134,"column":8}},"135":{"start":{"line":136,"column":0},"end":{"line":136,"column":16}},"136":{"start":{"line":137,"column":0},"end":{"line":137,"column":17}},"137":{"start":{"line":138,"column":0},"end":{"line":138,"column":17}},"138":{"start":{"line":139,"column":0},"end":{"line":139,"column":18}},"139":{"start":{"line":140,"column":0},"end":{"line":140,"column":14}},"140":{"start":{"line":141,"column":0},"end":{"line":141,"column":7}},"141":{"start":{"line":142,"column":0},"end":{"line":142,"column":6}},"145":{"start":{"line":146,"column":0},"end":{"line":146,"column":22}},"161":{"start":{"line":162,"column":0},"end":{"line":162,"column":10}},"162":{"start":{"line":163,"column":0},"end":{"line":163,"column":79}},"165":{"start":{"line":166,"column":0},"end":{"line":166,"column":20}},"166":{"start":{"line":167,"column":0},"end":{"line":167,"column":41}},"167":{"start":{"line":168,"column":0},"end":{"line":168,"column":8}},"177":{"start":{"line":178,"column":0},"end":{"line":178,"column":16}},"182":{"start":{"line":183,"column":0},"end":{"line":183,"column":6}},"185":{"start":{"line":186,"column":0},"end":{"line":186,"column":10}},"186":{"start":{"line":187,"column":0},"end":{"line":187,"column":32}},"187":{"start":{"line":188,"column":0},"end":{"line":188,"column":30}},"188":{"start":{"line":189,"column":0},"end":{"line":189,"column":26}},"189":{"start":{"line":190,"column":0},"end":{"line":190,"column":40}},"190":{"start":{"line":191,"column":0},"end":{"line":191,"column":42}},"191":{"start":{"line":192,"column":0},"end":{"line":192,"column":17}},"192":{"start":{"line":193,"column":0},"end":{"line":193,"column":44}},"193":{"start":{"line":194,"column":0},"end":{"line":194,"column":33}},"194":{"start":{"line":195,"column":0},"end":{"line":195,"column":67}},"195":{"start":{"line":196,"column":0},"end":{"line":196,"column":30}},"196":{"start":{"line":197,"column":0},"end":{"line":197,"column":32}},"197":{"start":{"line":198,"column":0},"end":{"line":198,"column":36}},"198":{"start":{"line":199,"column":0},"end":{"line":199,"column":31}},"199":{"start":{"line":200,"column":0},"end":{"line":200,"column":16}},"200":{"start":{"line":201,"column":0},"end":{"line":201,"column":11}},"201":{"start":{"line":202,"column":0},"end":{"line":202,"column":35}},"202":{"start":{"line":203,"column":0},"end":{"line":203,"column":29}},"203":{"start":{"line":204,"column":0},"end":{"line":204,"column":29}},"204":{"start":{"line":205,"column":0},"end":{"line":205,"column":12}},"205":{"start":{"line":206,"column":0},"end":{"line":206,"column":11}},"206":{"start":{"line":207,"column":0},"end":{"line":207,"column":35}},"207":{"start":{"line":208,"column":0},"end":{"line":208,"column":29}},"208":{"start":{"line":209,"column":0},"end":{"line":209,"column":29}},"209":{"start":{"line":210,"column":0},"end":{"line":210,"column":12}},"210":{"start":{"line":211,"column":0},"end":{"line":211,"column":11}},"211":{"start":{"line":212,"column":0},"end":{"line":212,"column":35}},"212":{"start":{"line":213,"column":0},"end":{"line":213,"column":29}},"213":{"start":{"line":214,"column":0},"end":{"line":214,"column":29}},"214":{"start":{"line":215,"column":0},"end":{"line":215,"column":12}},"215":{"start":{"line":216,"column":0},"end":{"line":216,"column":11}},"216":{"start":{"line":217,"column":0},"end":{"line":217,"column":35}},"217":{"start":{"line":218,"column":0},"end":{"line":218,"column":29}},"218":{"start":{"line":219,"column":0},"end":{"line":219,"column":29}},"219":{"start":{"line":220,"column":0},"end":{"line":220,"column":12}},"220":{"start":{"line":221,"column":0},"end":{"line":221,"column":11}},"221":{"start":{"line":222,"column":0},"end":{"line":222,"column":35}},"222":{"start":{"line":223,"column":0},"end":{"line":223,"column":29}},"223":{"start":{"line":224,"column":0},"end":{"line":224,"column":29}},"224":{"start":{"line":225,"column":0},"end":{"line":225,"column":11}},"225":{"start":{"line":226,"column":0},"end":{"line":226,"column":9}},"226":{"start":{"line":227,"column":0},"end":{"line":227,"column":7}},"227":{"start":{"line":228,"column":0},"end":{"line":228,"column":6}},"230":{"start":{"line":231,"column":0},"end":{"line":231,"column":14}},"231":{"start":{"line":232,"column":0},"end":{"line":232,"column":33}},"232":{"start":{"line":233,"column":0},"end":{"line":233,"column":26}},"233":{"start":{"line":234,"column":0},"end":{"line":234,"column":6}},"236":{"start":{"line":237,"column":0},"end":{"line":237,"column":16}},"237":{"start":{"line":238,"column":0},"end":{"line":238,"column":29}},"238":{"start":{"line":239,"column":0},"end":{"line":239,"column":32}},"239":{"start":{"line":240,"column":0},"end":{"line":240,"column":6}},"242":{"start":{"line":243,"column":0},"end":{"line":243,"column":15}},"249":{"start":{"line":250,"column":0},"end":{"line":250,"column":45}},"252":{"start":{"line":253,"column":0},"end":{"line":253,"column":24}},"254":{"start":{"line":255,"column":0},"end":{"line":255,"column":53}},"256":{"start":{"line":257,"column":0},"end":{"line":257,"column":17}},"267":{"start":{"line":268,"column":0},"end":{"line":268,"column":8}},"269":{"start":{"line":270,"column":0},"end":{"line":270,"column":16}},"272":{"start":{"line":273,"column":0},"end":{"line":273,"column":32}},"273":{"start":{"line":274,"column":0},"end":{"line":274,"column":7}},"274":{"start":{"line":275,"column":0},"end":{"line":275,"column":6}},"277":{"start":{"line":278,"column":0},"end":{"line":278,"column":10}},"289":{"start":{"line":290,"column":0},"end":{"line":290,"column":22}},"290":{"start":{"line":291,"column":0},"end":{"line":291,"column":5}},"291":{"start":{"line":292,"column":0},"end":{"line":292,"column":3}},"292":{"start":{"line":293,"column":0},"end":{"line":293,"column":3}}},"s":{"3":0,"5":0,"6":0,"13":0,"14":0,"15":0,"16":0,"19":0,"20":0,"21":0,"24":0,"33":0,"34":0,"35":0,"36":0,"37":0,"40":0,"41":0,"42":0,"43":0,"44":0,"46":0,"47":0,"48":0,"50":0,"52":0,"64":0,"65":0,"70":0,"71":0,"72":0,"73":0,"74":0,"75":0,"76":0,"77":0,"78":0,"79":0,"82":0,"84":0,"85":0,"88":0,"89":0,"90":0,"91":0,"92":0,"93":0,"101":0,"102":0,"103":0,"104":0,"105":0,"106":0,"107":0,"108":0,"109":0,"110":0,"111":0,"112":0,"113":0,"114":0,"115":0,"116":0,"117":0,"118":0,"119":0,"120":0,"121":0,"122":0,"123":0,"124":0,"125":0,"126":0,"127":0,"128":0,"130":0,"131":0,"132":0,"133":0,"135":0,"136":0,"137":0,"138":0,"139":0,"140":0,"141":0,"145":0,"161":0,"162":0,"165":0,"166":0,"167":0,"177":0,"182":0,"185":0,"186":0,"187":0,"188":0,"189":0,"190":0,"191":0,"192":0,"193":0,"194":0,"195":0,"196":0,"197":0,"198":0,"199":0,"200":0,"201":0,"202":0,"203":0,"204":0,"205":0,"206":0,"207":0,"208":0,"209":0,"210":0,"211":0,"212":0,"213":0,"214":0,"215":0,"216":0,"217":0,"218":0,"219":0,"220":0,"221":0,"222":0,"223":0,"224":0,"225":0,"226":0,"227":0,"230":0,"231":0,"232":0,"233":0,"236":0,"237":0,"238":0,"239":0,"242":0,"249":0,"252":0,"254":0,"256":0,"267":0,"269":0,"272":0,"273":0,"274":0,"277":0,"289":0,"290":0,"291":0,"292":0},"branchMap":{"0":{"type":"branch","line":1,"loc":{"start":{"line":1,"column":8298},"end":{"line":293,"column":3}},"locations":[{"start":{"line":1,"column":8298},"end":{"line":293,"column":3}}]}},"b":{"0":[1]},"fnMap":{"0":{"name":"(empty-report)","decl":{"start":{"line":1,"column":8298},"end":{"line":293,"column":3}},"loc":{"start":{"line":1,"column":8298},"end":{"line":293,"column":3}},"line":1}},"f":{"0":1}}
,"E:\\Repos\\gym\\gym-admin-panel\\protogen\\google\\protobuf\\descriptor.ts": {"path":"E:\\Repos\\gym\\gym-admin-panel\\protogen\\google\\protobuf\\descriptor.ts","all":true,"statementMap":{"47":{"start":{"line":48,"column":0},"end":{"line":48,"column":48}},"50":{"start":{"line":51,"column":0},"end":{"line":51,"column":59}},"52":{"start":{"line":53,"column":0},"end":{"line":53,"column":62}},"53":{"start":{"line":54,"column":0},"end":{"line":54,"column":51}},"328":{"start":{"line":329,"column":0},"end":{"line":329,"column":53}},"334":{"start":{"line":335,"column":0},"end":{"line":335,"column":20}},"338":{"start":{"line":339,"column":0},"end":{"line":339,"column":18}},"441":{"start":{"line":442,"column":0},"end":{"line":442,"column":39}},"445":{"start":{"line":446,"column":0},"end":{"line":446,"column":21}},"452":{"start":{"line":453,"column":0},"end":{"line":453,"column":15}},"456":{"start":{"line":457,"column":0},"end":{"line":457,"column":14}},"463":{"start":{"line":464,"column":0},"end":{"line":464,"column":14}},"467":{"start":{"line":468,"column":0},"end":{"line":468,"column":15}},"474":{"start":{"line":475,"column":0},"end":{"line":475,"column":14}},"478":{"start":{"line":479,"column":0},"end":{"line":479,"column":16}},"482":{"start":{"line":483,"column":0},"end":{"line":483,"column":16}},"486":{"start":{"line":487,"column":0},"end":{"line":487,"column":13}},"490":{"start":{"line":491,"column":0},"end":{"line":491,"column":15}},"500":{"start":{"line":501,"column":0},"end":{"line":501,"column":15}},"506":{"start":{"line":507,"column":0},"end":{"line":507,"column":17}},"512":{"start":{"line":513,"column":0},"end":{"line":513,"column":15}},"516":{"start":{"line":517,"column":0},"end":{"line":517,"column":16}},"520":{"start":{"line":521,"column":0},"end":{"line":521,"column":14}},"524":{"start":{"line":525,"column":0},"end":{"line":525,"column":18}},"528":{"start":{"line":529,"column":0},"end":{"line":529,"column":18}},"534":{"start":{"line":535,"column":0},"end":{"line":535,"column":16}},"540":{"start":{"line":541,"column":0},"end":{"line":541,"column":15}},"545":{"start":{"line":546,"column":0},"end":{"line":546,"column":40}},"549":{"start":{"line":550,"column":0},"end":{"line":550,"column":21}},"555":{"start":{"line":556,"column":0},"end":{"line":556,"column":17}},"559":{"start":{"line":560,"column":0},"end":{"line":560,"column":17}},"567":{"start":{"line":568,"column":0},"end":{"line":568,"column":16}},"936":{"start":{"line":937,"column":0},"end":{"line":937,"column":38}},"940":{"start":{"line":941,"column":0},"end":{"line":941,"column":21}},"946":{"start":{"line":947,"column":0},"end":{"line":947,"column":14}},"954":{"start":{"line":955,"column":0},"end":{"line":955,"column":18}},"960":{"start":{"line":961,"column":0},"end":{"line":961,"column":20}},"1250":{"start":{"line":1251,"column":0},"end":{"line":1251,"column":32}},"1256":{"start":{"line":1257,"column":0},"end":{"line":1257,"column":15}},"1267":{"start":{"line":1268,"column":0},"end":{"line":1268,"column":13}},"1271":{"start":{"line":1272,"column":0},"end":{"line":1272,"column":20}},"1276":{"start":{"line":1277,"column":0},"end":{"line":1277,"column":33}},"1282":{"start":{"line":1283,"column":0},"end":{"line":1283,"column":18}},"1288":{"start":{"line":1289,"column":0},"end":{"line":1289,"column":18}},"1294":{"start":{"line":1295,"column":0},"end":{"line":1295,"column":17}},"1301":{"start":{"line":1302,"column":0},"end":{"line":1302,"column":42}},"1305":{"start":{"line":1306,"column":0},"end":{"line":1306,"column":26}},"1309":{"start":{"line":1310,"column":0},"end":{"line":1310,"column":26}},"1313":{"start":{"line":1314,"column":0},"end":{"line":1314,"column":24}},"1322":{"start":{"line":1323,"column":0},"end":{"line":1323,"column":43}},"1326":{"start":{"line":1327,"column":0},"end":{"line":1327,"column":28}},"1330":{"start":{"line":1331,"column":0},"end":{"line":1331,"column":25}},"1334":{"start":{"line":1335,"column":0},"end":{"line":1335,"column":36}},"1338":{"start":{"line":1339,"column":0},"end":{"line":1339,"column":28}},"1342":{"start":{"line":1343,"column":0},"end":{"line":1343,"column":26}},"1346":{"start":{"line":1347,"column":0},"end":{"line":1347,"column":26}},"1350":{"start":{"line":1351,"column":0},"end":{"line":1351,"column":25}},"1354":{"start":{"line":1355,"column":0},"end":{"line":1355,"column":31}},"1358":{"start":{"line":1359,"column":0},"end":{"line":1359,"column":28}},"1362":{"start":{"line":1363,"column":0},"end":{"line":1363,"column":26}},"1554":{"start":{"line":1555,"column":0},"end":{"line":1555,"column":44}},"1558":{"start":{"line":1559,"column":0},"end":{"line":1559,"column":28}},"1564":{"start":{"line":1565,"column":0},"end":{"line":1565,"column":24}},"1570":{"start":{"line":1571,"column":0},"end":{"line":1571,"column":18}},"1689":{"start":{"line":1690,"column":0},"end":{"line":1690,"column":66}},"1693":{"start":{"line":1694,"column":0},"end":{"line":1694,"column":42}},"1699":{"start":{"line":1700,"column":0},"end":{"line":1700,"column":19}},"1705":{"start":{"line":1706,"column":0},"end":{"line":1706,"column":25}},"1711":{"start":{"line":1712,"column":0},"end":{"line":1712,"column":18}},"1719":{"start":{"line":1720,"column":0},"end":{"line":1720,"column":14}},"1724":{"start":{"line":1725,"column":0},"end":{"line":1725,"column":38}},"1728":{"start":{"line":1729,"column":0},"end":{"line":1729,"column":31}},"1732":{"start":{"line":1733,"column":0},"end":{"line":1733,"column":17}},"1736":{"start":{"line":1737,"column":0},"end":{"line":1737,"column":17}},"1740":{"start":{"line":1741,"column":0},"end":{"line":1741,"column":23}},"1745":{"start":{"line":1746,"column":0},"end":{"line":1746,"column":33}},"1749":{"start":{"line":1750,"column":0},"end":{"line":1750,"column":26}},"1753":{"start":{"line":1754,"column":0},"end":{"line":1754,"column":13}},"1757":{"start":{"line":1758,"column":0},"end":{"line":1758,"column":14}},"1762":{"start":{"line":1763,"column":0},"end":{"line":1763,"column":46}},"1766":{"start":{"line":1767,"column":0},"end":{"line":1767,"column":40}},"1770":{"start":{"line":1771,"column":0},"end":{"line":1771,"column":15}},"1774":{"start":{"line":1775,"column":0},"end":{"line":1775,"column":16}},"1779":{"start":{"line":1780,"column":0},"end":{"line":1780,"column":39}},"1783":{"start":{"line":1784,"column":0},"end":{"line":1784,"column":32}},"1787":{"start":{"line":1788,"column":0},"end":{"line":1788,"column":15}},"1791":{"start":{"line":1792,"column":0},"end":{"line":1792,"column":12}},"1796":{"start":{"line":1797,"column":0},"end":{"line":1797,"column":40}},"1800":{"start":{"line":1801,"column":0},"end":{"line":1801,"column":33}},"1804":{"start":{"line":1805,"column":0},"end":{"line":1805,"column":24}},"1808":{"start":{"line":1809,"column":0},"end":{"line":1809,"column":17}},"1813":{"start":{"line":1814,"column":0},"end":{"line":1814,"column":35}},"1817":{"start":{"line":1818,"column":0},"end":{"line":1818,"column":28}},"1821":{"start":{"line":1822,"column":0},"end":{"line":1822,"column":14}},"1825":{"start":{"line":1826,"column":0},"end":{"line":1826,"column":26}},"1830":{"start":{"line":1831,"column":0},"end":{"line":1831,"column":43}},"1834":{"start":{"line":1835,"column":0},"end":{"line":1835,"column":37}},"1838":{"start":{"line":1839,"column":0},"end":{"line":1839,"column":18}},"1842":{"start":{"line":1843,"column":0},"end":{"line":1843,"column":20}},"2119":{"start":{"line":2120,"column":0},"end":{"line":2120,"column":51}},"2125":{"start":{"line":2126,"column":0},"end":{"line":2126,"column":13}},"2131":{"start":{"line":2132,"column":0},"end":{"line":2132,"column":12}},"2137":{"start":{"line":2138,"column":0},"end":{"line":2138,"column":13}},"2144":{"start":{"line":2145,"column":0},"end":{"line":2145,"column":21}},"2150":{"start":{"line":2151,"column":0},"end":{"line":2151,"column":24}},"2157":{"start":{"line":2158,"column":0},"end":{"line":2158,"column":25}},"2166":{"start":{"line":2167,"column":0},"end":{"line":2167,"column":25}},"2170":{"start":{"line":2171,"column":0},"end":{"line":2171,"column":25}},"2178":{"start":{"line":2179,"column":0},"end":{"line":2179,"column":24}},"2182":{"start":{"line":2183,"column":0},"end":{"line":2183,"column":24}},"2189":{"start":{"line":2190,"column":0},"end":{"line":2190,"column":28}},"2193":{"start":{"line":2194,"column":0},"end":{"line":2194,"column":28}},"2197":{"start":{"line":2198,"column":0},"end":{"line":2198,"column":36}},"2201":{"start":{"line":2202,"column":0},"end":{"line":2202,"column":36}},"2205":{"start":{"line":2206,"column":0},"end":{"line":2206,"column":36}},"2213":{"start":{"line":2214,"column":0},"end":{"line":2214,"column":28}},"2224":{"start":{"line":2225,"column":0},"end":{"line":2225,"column":30}},"2228":{"start":{"line":2229,"column":0},"end":{"line":2229,"column":25}},"2232":{"start":{"line":2233,"column":0},"end":{"line":2233,"column":25}},"2236":{"start":{"line":2237,"column":0},"end":{"line":2237,"column":25}},"2239":{"start":{"line":2240,"column":0},"end":{"line":2240,"column":69}},"2240":{"start":{"line":2241,"column":0},"end":{"line":2241,"column":19}},"2241":{"start":{"line":2242,"column":0},"end":{"line":2242,"column":52}},"2242":{"start":{"line":2243,"column":0},"end":{"line":2243,"column":117}},"2243":{"start":{"line":2244,"column":0},"end":{"line":2244,"column":11}},"2244":{"start":{"line":2245,"column":0},"end":{"line":2245,"column":5}},"2245":{"start":{"line":2246,"column":0},"end":{"line":2246,"column":74}},"2246":{"start":{"line":2247,"column":0},"end":{"line":2247,"column":75}},"2247":{"start":{"line":2248,"column":0},"end":{"line":2248,"column":26}},"2248":{"start":{"line":2249,"column":0},"end":{"line":2249,"column":32}},"2249":{"start":{"line":2250,"column":0},"end":{"line":2250,"column":76}},"2250":{"start":{"line":2251,"column":0},"end":{"line":2251,"column":23}},"2251":{"start":{"line":2252,"column":0},"end":{"line":2252,"column":5}},"2252":{"start":{"line":2253,"column":0},"end":{"line":2253,"column":138}},"2253":{"start":{"line":2254,"column":0},"end":{"line":2254,"column":73}},"2254":{"start":{"line":2255,"column":0},"end":{"line":2255,"column":34}},"2255":{"start":{"line":2256,"column":0},"end":{"line":2256,"column":51}},"2256":{"start":{"line":2257,"column":0},"end":{"line":2257,"column":30}},"2257":{"start":{"line":2258,"column":0},"end":{"line":2258,"column":79}},"2258":{"start":{"line":2259,"column":0},"end":{"line":2259,"column":112}},"2259":{"start":{"line":2260,"column":0},"end":{"line":2260,"column":26}},"2260":{"start":{"line":2261,"column":0},"end":{"line":2261,"column":24}},"2261":{"start":{"line":2262,"column":0},"end":{"line":2262,"column":53}},"2262":{"start":{"line":2263,"column":0},"end":{"line":2263,"column":38}},"2263":{"start":{"line":2264,"column":0},"end":{"line":2264,"column":124}},"2264":{"start":{"line":2265,"column":0},"end":{"line":2265,"column":50}},"2265":{"start":{"line":2266,"column":0},"end":{"line":2266,"column":36}},"2266":{"start":{"line":2267,"column":0},"end":{"line":2267,"column":116}},"2267":{"start":{"line":2268,"column":0},"end":{"line":2268,"column":13}},"2268":{"start":{"line":2269,"column":0},"end":{"line":2269,"column":9}},"2269":{"start":{"line":2270,"column":0},"end":{"line":2270,"column":23}},"2270":{"start":{"line":2271,"column":0},"end":{"line":2271,"column":5}},"2271":{"start":{"line":2272,"column":0},"end":{"line":2272,"column":120}},"2273":{"start":{"line":2274,"column":0},"end":{"line":2274,"column":53}},"2274":{"start":{"line":2275,"column":0},"end":{"line":2275,"column":133}},"2275":{"start":{"line":2276,"column":0},"end":{"line":2276,"column":43}},"2276":{"start":{"line":2277,"column":0},"end":{"line":2277,"column":24}},"2277":{"start":{"line":2278,"column":0},"end":{"line":2278,"column":90}},"2278":{"start":{"line":2279,"column":0},"end":{"line":2279,"column":22}},"2279":{"start":{"line":2280,"column":0},"end":{"line":2280,"column":5}},"2280":{"start":{"line":2281,"column":0},"end":{"line":2281,"column":1}},"2284":{"start":{"line":2285,"column":0},"end":{"line":2285,"column":62}},"2286":{"start":{"line":2287,"column":0},"end":{"line":2287,"column":73}},"2287":{"start":{"line":2288,"column":0},"end":{"line":2288,"column":19}},"2288":{"start":{"line":2289,"column":0},"end":{"line":2289,"column":54}},"2289":{"start":{"line":2290,"column":0},"end":{"line":2290,"column":91}},"2290":{"start":{"line":2291,"column":0},"end":{"line":2291,"column":94}},"2291":{"start":{"line":2292,"column":0},"end":{"line":2292,"column":121}},"2292":{"start":{"line":2293,"column":0},"end":{"line":2293,"column":128}},"2293":{"start":{"line":2294,"column":0},"end":{"line":2294,"column":126}},"2294":{"start":{"line":2295,"column":0},"end":{"line":2295,"column":129}},"2295":{"start":{"line":2296,"column":0},"end":{"line":2296,"column":122}},"2296":{"start":{"line":2297,"column":0},"end":{"line":2297,"column":123}},"2297":{"start":{"line":2298,"column":0},"end":{"line":2298,"column":124}},"2298":{"start":{"line":2299,"column":0},"end":{"line":2299,"column":124}},"2299":{"start":{"line":2300,"column":0},"end":{"line":2300,"column":78}},"2300":{"start":{"line":2301,"column":0},"end":{"line":2301,"column":90}},"2301":{"start":{"line":2302,"column":0},"end":{"line":2302,"column":94}},"2302":{"start":{"line":2303,"column":0},"end":{"line":2303,"column":111}},"2303":{"start":{"line":2304,"column":0},"end":{"line":2304,"column":11}},"2304":{"start":{"line":2305,"column":0},"end":{"line":2305,"column":5}},"2305":{"start":{"line":2306,"column":0},"end":{"line":2306,"column":78}},"2306":{"start":{"line":2307,"column":0},"end":{"line":2307,"column":75}},"2307":{"start":{"line":2308,"column":0},"end":{"line":2308,"column":32}},"2308":{"start":{"line":2309,"column":0},"end":{"line":2309,"column":38}},"2309":{"start":{"line":2310,"column":0},"end":{"line":2310,"column":36}},"2310":{"start":{"line":2311,"column":0},"end":{"line":2311,"column":38}},"2311":{"start":{"line":2312,"column":0},"end":{"line":2312,"column":33}},"2312":{"start":{"line":2313,"column":0},"end":{"line":2313,"column":30}},"2313":{"start":{"line":2314,"column":0},"end":{"line":2314,"column":29}},"2314":{"start":{"line":2315,"column":0},"end":{"line":2315,"column":31}},"2315":{"start":{"line":2316,"column":0},"end":{"line":2316,"column":32}},"2316":{"start":{"line":2317,"column":0},"end":{"line":2317,"column":78}},"2317":{"start":{"line":2318,"column":0},"end":{"line":2318,"column":23}},"2318":{"start":{"line":2319,"column":0},"end":{"line":2319,"column":5}},"2319":{"start":{"line":2320,"column":0},"end":{"line":2320,"column":142}},"2320":{"start":{"line":2321,"column":0},"end":{"line":2321,"column":73}},"2321":{"start":{"line":2322,"column":0},"end":{"line":2322,"column":34}},"2322":{"start":{"line":2323,"column":0},"end":{"line":2323,"column":51}},"2323":{"start":{"line":2324,"column":0},"end":{"line":2324,"column":30}},"2324":{"start":{"line":2325,"column":0},"end":{"line":2325,"column":50}},"2325":{"start":{"line":2326,"column":0},"end":{"line":2326,"column":51}},"2326":{"start":{"line":2327,"column":0},"end":{"line":2327,"column":26}},"2327":{"start":{"line":2328,"column":0},"end":{"line":2328,"column":53}},"2328":{"start":{"line":2329,"column":0},"end":{"line":2329,"column":54}},"2329":{"start":{"line":2330,"column":0},"end":{"line":2330,"column":26}},"2330":{"start":{"line":2331,"column":0},"end":{"line":2331,"column":56}},"2331":{"start":{"line":2332,"column":0},"end":{"line":2332,"column":61}},"2332":{"start":{"line":2333,"column":0},"end":{"line":2333,"column":26}},"2333":{"start":{"line":2334,"column":0},"end":{"line":2334,"column":63}},"2334":{"start":{"line":2335,"column":0},"end":{"line":2335,"column":62}},"2335":{"start":{"line":2336,"column":0},"end":{"line":2336,"column":82}},"2336":{"start":{"line":2337,"column":0},"end":{"line":2337,"column":74}},"2338":{"start":{"line":2339,"column":0},"end":{"line":2339,"column":70}},"2339":{"start":{"line":2340,"column":0},"end":{"line":2340,"column":26}},"2340":{"start":{"line":2341,"column":0},"end":{"line":2341,"column":61}},"2341":{"start":{"line":2342,"column":0},"end":{"line":2342,"column":62}},"2342":{"start":{"line":2343,"column":0},"end":{"line":2343,"column":82}},"2343":{"start":{"line":2344,"column":0},"end":{"line":2344,"column":72}},"2345":{"start":{"line":2346,"column":0},"end":{"line":2346,"column":68}},"2346":{"start":{"line":2347,"column":0},"end":{"line":2347,"column":26}},"2347":{"start":{"line":2348,"column":0},"end":{"line":2348,"column":64}},"2348":{"start":{"line":2349,"column":0},"end":{"line":2349,"column":67}},"2349":{"start":{"line":2350,"column":0},"end":{"line":2350,"column":26}},"2350":{"start":{"line":2351,"column":0},"end":{"line":2351,"column":83}},"2351":{"start":{"line":2352,"column":0},"end":{"line":2352,"column":115}},"2352":{"start":{"line":2353,"column":0},"end":{"line":2353,"column":26}},"2353":{"start":{"line":2354,"column":0},"end":{"line":2354,"column":84}},"2354":{"start":{"line":2355,"column":0},"end":{"line":2355,"column":116}},"2355":{"start":{"line":2356,"column":0},"end":{"line":2356,"column":26}},"2356":{"start":{"line":2357,"column":0},"end":{"line":2357,"column":85}},"2357":{"start":{"line":2358,"column":0},"end":{"line":2358,"column":118}},"2358":{"start":{"line":2359,"column":0},"end":{"line":2359,"column":26}},"2359":{"start":{"line":2360,"column":0},"end":{"line":2360,"column":85}},"2360":{"start":{"line":2361,"column":0},"end":{"line":2361,"column":118}},"2361":{"start":{"line":2362,"column":0},"end":{"line":2362,"column":26}},"2362":{"start":{"line":2363,"column":0},"end":{"line":2363,"column":74}},"2363":{"start":{"line":2364,"column":0},"end":{"line":2364,"column":120}},"2364":{"start":{"line":2365,"column":0},"end":{"line":2365,"column":26}},"2365":{"start":{"line":2366,"column":0},"end":{"line":2366,"column":86}},"2366":{"start":{"line":2367,"column":0},"end":{"line":2367,"column":137}},"2367":{"start":{"line":2368,"column":0},"end":{"line":2368,"column":26}},"2368":{"start":{"line":2369,"column":0},"end":{"line":2369,"column":53}},"2369":{"start":{"line":2370,"column":0},"end":{"line":2370,"column":53}},"2370":{"start":{"line":2371,"column":0},"end":{"line":2371,"column":26}},"2371":{"start":{"line":2372,"column":0},"end":{"line":2372,"column":71}},"2372":{"start":{"line":2373,"column":0},"end":{"line":2373,"column":53}},"2373":{"start":{"line":2374,"column":0},"end":{"line":2374,"column":26}},"2374":{"start":{"line":2375,"column":0},"end":{"line":2375,"column":24}},"2375":{"start":{"line":2376,"column":0},"end":{"line":2376,"column":53}},"2376":{"start":{"line":2377,"column":0},"end":{"line":2377,"column":38}},"2377":{"start":{"line":2378,"column":0},"end":{"line":2378,"column":124}},"2378":{"start":{"line":2379,"column":0},"end":{"line":2379,"column":50}},"2379":{"start":{"line":2380,"column":0},"end":{"line":2380,"column":36}},"2380":{"start":{"line":2381,"column":0},"end":{"line":2381,"column":116}},"2381":{"start":{"line":2382,"column":0},"end":{"line":2382,"column":13}},"2382":{"start":{"line":2383,"column":0},"end":{"line":2383,"column":9}},"2383":{"start":{"line":2384,"column":0},"end":{"line":2384,"column":23}},"2384":{"start":{"line":2385,"column":0},"end":{"line":2385,"column":5}},"2385":{"start":{"line":2386,"column":0},"end":{"line":2386,"column":122}},"2387":{"start":{"line":2388,"column":0},"end":{"line":2388,"column":39}},"2388":{"start":{"line":2389,"column":0},"end":{"line":2389,"column":73}},"2390":{"start":{"line":2391,"column":0},"end":{"line":2391,"column":42}},"2391":{"start":{"line":2392,"column":0},"end":{"line":2392,"column":76}},"2393":{"start":{"line":2394,"column":0},"end":{"line":2394,"column":59}},"2394":{"start":{"line":2395,"column":0},"end":{"line":2395,"column":82}},"2396":{"start":{"line":2397,"column":0},"end":{"line":2397,"column":60}},"2397":{"start":{"line":2398,"column":0},"end":{"line":2398,"column":136}},"2399":{"start":{"line":2400,"column":0},"end":{"line":2400,"column":57}},"2400":{"start":{"line":2401,"column":0},"end":{"line":2401,"column":137}},"2402":{"start":{"line":2403,"column":0},"end":{"line":2403,"column":56}},"2403":{"start":{"line":2404,"column":0},"end":{"line":2404,"column":139}},"2405":{"start":{"line":2406,"column":0},"end":{"line":2406,"column":58}},"2406":{"start":{"line":2407,"column":0},"end":{"line":2407,"column":139}},"2408":{"start":{"line":2409,"column":0},"end":{"line":2409,"column":28}},"2409":{"start":{"line":2410,"column":0},"end":{"line":2410,"column":125}},"2411":{"start":{"line":2412,"column":0},"end":{"line":2412,"column":35}},"2412":{"start":{"line":2413,"column":0},"end":{"line":2413,"column":135}},"2414":{"start":{"line":2415,"column":0},"end":{"line":2415,"column":65}},"2415":{"start":{"line":2416,"column":0},"end":{"line":2416,"column":79}},"2417":{"start":{"line":2418,"column":0},"end":{"line":2418,"column":63}},"2418":{"start":{"line":2419,"column":0},"end":{"line":2419,"column":77}},"2420":{"start":{"line":2421,"column":0},"end":{"line":2421,"column":41}},"2421":{"start":{"line":2422,"column":0},"end":{"line":2422,"column":76}},"2423":{"start":{"line":2424,"column":0},"end":{"line":2424,"column":42}},"2424":{"start":{"line":2425,"column":0},"end":{"line":2425,"column":67}},"2426":{"start":{"line":2427,"column":0},"end":{"line":2427,"column":65}},"2427":{"start":{"line":2428,"column":0},"end":{"line":2428,"column":89}},"2428":{"start":{"line":2429,"column":0},"end":{"line":2429,"column":43}},"2429":{"start":{"line":2430,"column":0},"end":{"line":2430,"column":24}},"2430":{"start":{"line":2431,"column":0},"end":{"line":2431,"column":90}},"2431":{"start":{"line":2432,"column":0},"end":{"line":2432,"column":22}},"2432":{"start":{"line":2433,"column":0},"end":{"line":2433,"column":5}},"2433":{"start":{"line":2434,"column":0},"end":{"line":2434,"column":1}},"2437":{"start":{"line":2438,"column":0},"end":{"line":2438,"column":66}},"2439":{"start":{"line":2440,"column":0},"end":{"line":2440,"column":65}},"2440":{"start":{"line":2441,"column":0},"end":{"line":2441,"column":19}},"2441":{"start":{"line":2442,"column":0},"end":{"line":2442,"column":50}},"2442":{"start":{"line":2443,"column":0},"end":{"line":2443,"column":91}},"2443":{"start":{"line":2444,"column":0},"end":{"line":2444,"column":120}},"2444":{"start":{"line":2445,"column":0},"end":{"line":2445,"column":124}},"2445":{"start":{"line":2446,"column":0},"end":{"line":2446,"column":121}},"2446":{"start":{"line":2447,"column":0},"end":{"line":2447,"column":123}},"2447":{"start":{"line":2448,"column":0},"end":{"line":2448,"column":140}},"2448":{"start":{"line":2449,"column":0},"end":{"line":2449,"column":125}},"2449":{"start":{"line":2450,"column":0},"end":{"line":2450,"column":81}},"2450":{"start":{"line":2451,"column":0},"end":{"line":2451,"column":138}},"2451":{"start":{"line":2452,"column":0},"end":{"line":2452,"column":125}},"2452":{"start":{"line":2453,"column":0},"end":{"line":2453,"column":132}},"2453":{"start":{"line":2454,"column":0},"end":{"line":2454,"column":11}},"2454":{"start":{"line":2455,"column":0},"end":{"line":2455,"column":5}},"2455":{"start":{"line":2456,"column":0},"end":{"line":2456,"column":70}},"2456":{"start":{"line":2457,"column":0},"end":{"line":2457,"column":75}},"2457":{"start":{"line":2458,"column":0},"end":{"line":2458,"column":27}},"2458":{"start":{"line":2459,"column":0},"end":{"line":2459,"column":31}},"2459":{"start":{"line":2460,"column":0},"end":{"line":2460,"column":32}},"2460":{"start":{"line":2461,"column":0},"end":{"line":2461,"column":30}},"2461":{"start":{"line":2462,"column":0},"end":{"line":2462,"column":36}},"2462":{"start":{"line":2463,"column":0},"end":{"line":2463,"column":31}},"2463":{"start":{"line":2464,"column":0},"end":{"line":2464,"column":35}},"2464":{"start":{"line":2465,"column":0},"end":{"line":2465,"column":34}},"2465":{"start":{"line":2466,"column":0},"end":{"line":2466,"column":32}},"2466":{"start":{"line":2467,"column":0},"end":{"line":2467,"column":74}},"2467":{"start":{"line":2468,"column":0},"end":{"line":2468,"column":23}},"2468":{"start":{"line":2469,"column":0},"end":{"line":2469,"column":5}},"2469":{"start":{"line":2470,"column":0},"end":{"line":2470,"column":134}},"2470":{"start":{"line":2471,"column":0},"end":{"line":2471,"column":73}},"2471":{"start":{"line":2472,"column":0},"end":{"line":2472,"column":34}},"2472":{"start":{"line":2473,"column":0},"end":{"line":2473,"column":51}},"2473":{"start":{"line":2474,"column":0},"end":{"line":2474,"column":30}},"2474":{"start":{"line":2475,"column":0},"end":{"line":2475,"column":50}},"2475":{"start":{"line":2476,"column":0},"end":{"line":2476,"column":51}},"2476":{"start":{"line":2477,"column":0},"end":{"line":2477,"column":26}},"2477":{"start":{"line":2478,"column":0},"end":{"line":2478,"column":81}},"2478":{"start":{"line":2479,"column":0},"end":{"line":2479,"column":114}},"2479":{"start":{"line":2480,"column":0},"end":{"line":2480,"column":26}},"2480":{"start":{"line":2481,"column":0},"end":{"line":2481,"column":85}},"2481":{"start":{"line":2482,"column":0},"end":{"line":2482,"column":118}},"2482":{"start":{"line":2483,"column":0},"end":{"line":2483,"column":26}},"2483":{"start":{"line":2484,"column":0},"end":{"line":2484,"column":82}},"2484":{"start":{"line":2485,"column":0},"end":{"line":2485,"column":114}},"2485":{"start":{"line":2486,"column":0},"end":{"line":2486,"column":26}},"2486":{"start":{"line":2487,"column":0},"end":{"line":2487,"column":84}},"2487":{"start":{"line":2488,"column":0},"end":{"line":2488,"column":116}},"2488":{"start":{"line":2489,"column":0},"end":{"line":2489,"column":26}},"2489":{"start":{"line":2490,"column":0},"end":{"line":2490,"column":101}},"2490":{"start":{"line":2491,"column":0},"end":{"line":2491,"column":133}},"2491":{"start":{"line":2492,"column":0},"end":{"line":2492,"column":26}},"2492":{"start":{"line":2493,"column":0},"end":{"line":2493,"column":86}},"2493":{"start":{"line":2494,"column":0},"end":{"line":2494,"column":118}},"2494":{"start":{"line":2495,"column":0},"end":{"line":2495,"column":26}},"2495":{"start":{"line":2496,"column":0},"end":{"line":2496,"column":77}},"2496":{"start":{"line":2497,"column":0},"end":{"line":2497,"column":123}},"2497":{"start":{"line":2498,"column":0},"end":{"line":2498,"column":26}},"2498":{"start":{"line":2499,"column":0},"end":{"line":2499,"column":99}},"2499":{"start":{"line":2500,"column":0},"end":{"line":2500,"column":131}},"2500":{"start":{"line":2501,"column":0},"end":{"line":2501,"column":26}},"2501":{"start":{"line":2502,"column":0},"end":{"line":2502,"column":60}},"2502":{"start":{"line":2503,"column":0},"end":{"line":2503,"column":63}},"2503":{"start":{"line":2504,"column":0},"end":{"line":2504,"column":26}},"2504":{"start":{"line":2505,"column":0},"end":{"line":2505,"column":83}},"2505":{"start":{"line":2506,"column":0},"end":{"line":2506,"column":56}},"2506":{"start":{"line":2507,"column":0},"end":{"line":2507,"column":26}},"2507":{"start":{"line":2508,"column":0},"end":{"line":2508,"column":24}},"2508":{"start":{"line":2509,"column":0},"end":{"line":2509,"column":53}},"2509":{"start":{"line":2510,"column":0},"end":{"line":2510,"column":38}},"2510":{"start":{"line":2511,"column":0},"end":{"line":2511,"column":124}},"2511":{"start":{"line":2512,"column":0},"end":{"line":2512,"column":50}},"2512":{"start":{"line":2513,"column":0},"end":{"line":2513,"column":36}},"2513":{"start":{"line":2514,"column":0},"end":{"line":2514,"column":116}},"2514":{"start":{"line":2515,"column":0},"end":{"line":2515,"column":13}},"2515":{"start":{"line":2516,"column":0},"end":{"line":2516,"column":9}},"2516":{"start":{"line":2517,"column":0},"end":{"line":2517,"column":23}},"2517":{"start":{"line":2518,"column":0},"end":{"line":2518,"column":5}},"2518":{"start":{"line":2519,"column":0},"end":{"line":2519,"column":118}},"2520":{"start":{"line":2521,"column":0},"end":{"line":2521,"column":39}},"2521":{"start":{"line":2522,"column":0},"end":{"line":2522,"column":73}},"2523":{"start":{"line":2524,"column":0},"end":{"line":2524,"column":54}},"2524":{"start":{"line":2525,"column":0},"end":{"line":2525,"column":135}},"2526":{"start":{"line":2527,"column":0},"end":{"line":2527,"column":59}},"2527":{"start":{"line":2528,"column":0},"end":{"line":2528,"column":135}},"2529":{"start":{"line":2530,"column":0},"end":{"line":2530,"column":57}},"2530":{"start":{"line":2531,"column":0},"end":{"line":2531,"column":137}},"2532":{"start":{"line":2533,"column":0},"end":{"line":2533,"column":63}},"2533":{"start":{"line":2534,"column":0},"end":{"line":2534,"column":154}},"2535":{"start":{"line":2536,"column":0},"end":{"line":2536,"column":58}},"2536":{"start":{"line":2537,"column":0},"end":{"line":2537,"column":139}},"2538":{"start":{"line":2539,"column":0},"end":{"line":2539,"column":28}},"2539":{"start":{"line":2540,"column":0},"end":{"line":2540,"column":128}},"2541":{"start":{"line":2542,"column":0},"end":{"line":2542,"column":58}},"2542":{"start":{"line":2543,"column":0},"end":{"line":2543,"column":139}},"2544":{"start":{"line":2545,"column":0},"end":{"line":2545,"column":62}},"2545":{"start":{"line":2546,"column":0},"end":{"line":2546,"column":152}},"2547":{"start":{"line":2548,"column":0},"end":{"line":2548,"column":61}},"2548":{"start":{"line":2549,"column":0},"end":{"line":2549,"column":85}},"2550":{"start":{"line":2551,"column":0},"end":{"line":2551,"column":45}},"2551":{"start":{"line":2552,"column":0},"end":{"line":2552,"column":70}},"2552":{"start":{"line":2553,"column":0},"end":{"line":2553,"column":43}},"2553":{"start":{"line":2554,"column":0},"end":{"line":2554,"column":24}},"2554":{"start":{"line":2555,"column":0},"end":{"line":2555,"column":90}},"2555":{"start":{"line":2556,"column":0},"end":{"line":2556,"column":22}},"2556":{"start":{"line":2557,"column":0},"end":{"line":2557,"column":5}},"2557":{"start":{"line":2558,"column":0},"end":{"line":2558,"column":1}},"2561":{"start":{"line":2562,"column":0},"end":{"line":2562,"column":58}},"2563":{"start":{"line":2564,"column":0},"end":{"line":2564,"column":95}},"2564":{"start":{"line":2565,"column":0},"end":{"line":2565,"column":19}},"2565":{"start":{"line":2566,"column":0},"end":{"line":2566,"column":65}},"2566":{"start":{"line":2567,"column":0},"end":{"line":2567,"column":91}},"2567":{"start":{"line":2568,"column":0},"end":{"line":2568,"column":89}},"2568":{"start":{"line":2569,"column":0},"end":{"line":2569,"column":87}},"2569":{"start":{"line":2570,"column":0},"end":{"line":2570,"column":11}},"2570":{"start":{"line":2571,"column":0},"end":{"line":2571,"column":5}},"2571":{"start":{"line":2572,"column":0},"end":{"line":2572,"column":100}},"2572":{"start":{"line":2573,"column":0},"end":{"line":2573,"column":75}},"2573":{"start":{"line":2574,"column":0},"end":{"line":2574,"column":32}},"2574":{"start":{"line":2575,"column":0},"end":{"line":2575,"column":89}},"2575":{"start":{"line":2576,"column":0},"end":{"line":2576,"column":23}},"2576":{"start":{"line":2577,"column":0},"end":{"line":2577,"column":5}},"2577":{"start":{"line":2578,"column":0},"end":{"line":2578,"column":164}},"2578":{"start":{"line":2579,"column":0},"end":{"line":2579,"column":73}},"2579":{"start":{"line":2580,"column":0},"end":{"line":2580,"column":34}},"2580":{"start":{"line":2581,"column":0},"end":{"line":2581,"column":51}},"2581":{"start":{"line":2582,"column":0},"end":{"line":2582,"column":30}},"2582":{"start":{"line":2583,"column":0},"end":{"line":2583,"column":50}},"2583":{"start":{"line":2584,"column":0},"end":{"line":2584,"column":51}},"2584":{"start":{"line":2585,"column":0},"end":{"line":2585,"column":26}},"2585":{"start":{"line":2586,"column":0},"end":{"line":2586,"column":48}},"2586":{"start":{"line":2587,"column":0},"end":{"line":2587,"column":49}},"2587":{"start":{"line":2588,"column":0},"end":{"line":2588,"column":26}},"2588":{"start":{"line":2589,"column":0},"end":{"line":2589,"column":84}},"2589":{"start":{"line":2590,"column":0},"end":{"line":2590,"column":130}},"2590":{"start":{"line":2591,"column":0},"end":{"line":2591,"column":26}},"2591":{"start":{"line":2592,"column":0},"end":{"line":2592,"column":24}},"2592":{"start":{"line":2593,"column":0},"end":{"line":2593,"column":53}},"2593":{"start":{"line":2594,"column":0},"end":{"line":2594,"column":38}},"2594":{"start":{"line":2595,"column":0},"end":{"line":2595,"column":124}},"2595":{"start":{"line":2596,"column":0},"end":{"line":2596,"column":50}},"2596":{"start":{"line":2597,"column":0},"end":{"line":2597,"column":36}},"2597":{"start":{"line":2598,"column":0},"end":{"line":2598,"column":116}},"2598":{"start":{"line":2599,"column":0},"end":{"line":2599,"column":13}},"2599":{"start":{"line":2600,"column":0},"end":{"line":2600,"column":9}},"2600":{"start":{"line":2601,"column":0},"end":{"line":2601,"column":23}},"2601":{"start":{"line":2602,"column":0},"end":{"line":2602,"column":5}},"2602":{"start":{"line":2603,"column":0},"end":{"line":2603,"column":133}},"2604":{"start":{"line":2605,"column":0},"end":{"line":2605,"column":40}},"2605":{"start":{"line":2606,"column":0},"end":{"line":2606,"column":64}},"2607":{"start":{"line":2608,"column":0},"end":{"line":2608,"column":38}},"2608":{"start":{"line":2609,"column":0},"end":{"line":2609,"column":62}},"2610":{"start":{"line":2611,"column":0},"end":{"line":2611,"column":28}},"2611":{"start":{"line":2612,"column":0},"end":{"line":2612,"column":135}},"2612":{"start":{"line":2613,"column":0},"end":{"line":2613,"column":43}},"2613":{"start":{"line":2614,"column":0},"end":{"line":2614,"column":24}},"2614":{"start":{"line":2615,"column":0},"end":{"line":2615,"column":90}},"2615":{"start":{"line":2616,"column":0},"end":{"line":2616,"column":22}},"2616":{"start":{"line":2617,"column":0},"end":{"line":2617,"column":5}},"2617":{"start":{"line":2618,"column":0},"end":{"line":2618,"column":1}},"2621":{"start":{"line":2622,"column":0},"end":{"line":2622,"column":88}},"2623":{"start":{"line":2624,"column":0},"end":{"line":2624,"column":93}},"2624":{"start":{"line":2625,"column":0},"end":{"line":2625,"column":19}},"2625":{"start":{"line":2626,"column":0},"end":{"line":2626,"column":64}},"2626":{"start":{"line":2627,"column":0},"end":{"line":2627,"column":91}},"2627":{"start":{"line":2628,"column":0},"end":{"line":2628,"column":88}},"2628":{"start":{"line":2629,"column":0},"end":{"line":2629,"column":11}},"2629":{"start":{"line":2630,"column":0},"end":{"line":2630,"column":5}},"2630":{"start":{"line":2631,"column":0},"end":{"line":2631,"column":98}},"2631":{"start":{"line":2632,"column":0},"end":{"line":2632,"column":75}},"2632":{"start":{"line":2633,"column":0},"end":{"line":2633,"column":32}},"2633":{"start":{"line":2634,"column":0},"end":{"line":2634,"column":88}},"2634":{"start":{"line":2635,"column":0},"end":{"line":2635,"column":23}},"2635":{"start":{"line":2636,"column":0},"end":{"line":2636,"column":5}},"2636":{"start":{"line":2637,"column":0},"end":{"line":2637,"column":162}},"2637":{"start":{"line":2638,"column":0},"end":{"line":2638,"column":73}},"2638":{"start":{"line":2639,"column":0},"end":{"line":2639,"column":34}},"2639":{"start":{"line":2640,"column":0},"end":{"line":2640,"column":51}},"2640":{"start":{"line":2641,"column":0},"end":{"line":2641,"column":30}},"2641":{"start":{"line":2642,"column":0},"end":{"line":2642,"column":50}},"2642":{"start":{"line":2643,"column":0},"end":{"line":2643,"column":51}},"2643":{"start":{"line":2644,"column":0},"end":{"line":2644,"column":26}},"2644":{"start":{"line":2645,"column":0},"end":{"line":2645,"column":48}},"2645":{"start":{"line":2646,"column":0},"end":{"line":2646,"column":49}},"2646":{"start":{"line":2647,"column":0},"end":{"line":2647,"column":26}},"2647":{"start":{"line":2648,"column":0},"end":{"line":2648,"column":24}},"2648":{"start":{"line":2649,"column":0},"end":{"line":2649,"column":53}},"2649":{"start":{"line":2650,"column":0},"end":{"line":2650,"column":38}},"2650":{"start":{"line":2651,"column":0},"end":{"line":2651,"column":124}},"2651":{"start":{"line":2652,"column":0},"end":{"line":2652,"column":50}},"2652":{"start":{"line":2653,"column":0},"end":{"line":2653,"column":36}},"2653":{"start":{"line":2654,"column":0},"end":{"line":2654,"column":116}},"2654":{"start":{"line":2655,"column":0},"end":{"line":2655,"column":13}},"2655":{"start":{"line":2656,"column":0},"end":{"line":2656,"column":9}},"2656":{"start":{"line":2657,"column":0},"end":{"line":2657,"column":23}},"2657":{"start":{"line":2658,"column":0},"end":{"line":2658,"column":5}},"2658":{"start":{"line":2659,"column":0},"end":{"line":2659,"column":132}},"2660":{"start":{"line":2661,"column":0},"end":{"line":2661,"column":40}},"2661":{"start":{"line":2662,"column":0},"end":{"line":2662,"column":64}},"2663":{"start":{"line":2664,"column":0},"end":{"line":2664,"column":38}},"2664":{"start":{"line":2665,"column":0},"end":{"line":2665,"column":62}},"2665":{"start":{"line":2666,"column":0},"end":{"line":2666,"column":43}},"2666":{"start":{"line":2667,"column":0},"end":{"line":2667,"column":24}},"2667":{"start":{"line":2668,"column":0},"end":{"line":2668,"column":90}},"2668":{"start":{"line":2669,"column":0},"end":{"line":2669,"column":22}},"2669":{"start":{"line":2670,"column":0},"end":{"line":2670,"column":5}},"2670":{"start":{"line":2671,"column":0},"end":{"line":2671,"column":1}},"2674":{"start":{"line":2675,"column":0},"end":{"line":2675,"column":86}},"2676":{"start":{"line":2677,"column":0},"end":{"line":2677,"column":77}},"2677":{"start":{"line":2678,"column":0},"end":{"line":2678,"column":19}},"2678":{"start":{"line":2679,"column":0},"end":{"line":2679,"column":56}},"2679":{"start":{"line":2680,"column":0},"end":{"line":2680,"column":136}},"2680":{"start":{"line":2681,"column":0},"end":{"line":2681,"column":139}},"2681":{"start":{"line":2682,"column":0},"end":{"line":2682,"column":79}},"2682":{"start":{"line":2683,"column":0},"end":{"line":2683,"column":179}},"2683":{"start":{"line":2684,"column":0},"end":{"line":2684,"column":11}},"2684":{"start":{"line":2685,"column":0},"end":{"line":2685,"column":5}},"2685":{"start":{"line":2686,"column":0},"end":{"line":2686,"column":82}},"2686":{"start":{"line":2687,"column":0},"end":{"line":2687,"column":75}},"2687":{"start":{"line":2688,"column":0},"end":{"line":2688,"column":41}},"2688":{"start":{"line":2689,"column":0},"end":{"line":2689,"column":33}},"2689":{"start":{"line":2690,"column":0},"end":{"line":2690,"column":32}},"2690":{"start":{"line":2691,"column":0},"end":{"line":2691,"column":80}},"2691":{"start":{"line":2692,"column":0},"end":{"line":2692,"column":23}},"2692":{"start":{"line":2693,"column":0},"end":{"line":2693,"column":5}},"2693":{"start":{"line":2694,"column":0},"end":{"line":2694,"column":146}},"2694":{"start":{"line":2695,"column":0},"end":{"line":2695,"column":73}},"2695":{"start":{"line":2696,"column":0},"end":{"line":2696,"column":34}},"2696":{"start":{"line":2697,"column":0},"end":{"line":2697,"column":51}},"2697":{"start":{"line":2698,"column":0},"end":{"line":2698,"column":30}},"2698":{"start":{"line":2699,"column":0},"end":{"line":2699,"column":97}},"2699":{"start":{"line":2700,"column":0},"end":{"line":2700,"column":127}},"2700":{"start":{"line":2701,"column":0},"end":{"line":2701,"column":26}},"2701":{"start":{"line":2702,"column":0},"end":{"line":2702,"column":100}},"2702":{"start":{"line":2703,"column":0},"end":{"line":2703,"column":133}},"2703":{"start":{"line":2704,"column":0},"end":{"line":2704,"column":26}},"2704":{"start":{"line":2705,"column":0},"end":{"line":2705,"column":75}},"2705":{"start":{"line":2706,"column":0},"end":{"line":2706,"column":121}},"2706":{"start":{"line":2707,"column":0},"end":{"line":2707,"column":26}},"2707":{"start":{"line":2708,"column":0},"end":{"line":2708,"column":107}},"2708":{"start":{"line":2709,"column":0},"end":{"line":2709,"column":58}},"2709":{"start":{"line":2710,"column":0},"end":{"line":2710,"column":26}},"2710":{"start":{"line":2711,"column":0},"end":{"line":2711,"column":24}},"2711":{"start":{"line":2712,"column":0},"end":{"line":2712,"column":53}},"2712":{"start":{"line":2713,"column":0},"end":{"line":2713,"column":38}},"2713":{"start":{"line":2714,"column":0},"end":{"line":2714,"column":124}},"2714":{"start":{"line":2715,"column":0},"end":{"line":2715,"column":50}},"2715":{"start":{"line":2716,"column":0},"end":{"line":2716,"column":36}},"2716":{"start":{"line":2717,"column":0},"end":{"line":2717,"column":116}},"2717":{"start":{"line":2718,"column":0},"end":{"line":2718,"column":13}},"2718":{"start":{"line":2719,"column":0},"end":{"line":2719,"column":9}},"2719":{"start":{"line":2720,"column":0},"end":{"line":2720,"column":23}},"2720":{"start":{"line":2721,"column":0},"end":{"line":2721,"column":5}},"2721":{"start":{"line":2722,"column":0},"end":{"line":2722,"column":124}},"2723":{"start":{"line":2724,"column":0},"end":{"line":2724,"column":60}},"2724":{"start":{"line":2725,"column":0},"end":{"line":2725,"column":154}},"2726":{"start":{"line":2727,"column":0},"end":{"line":2727,"column":47}},"2727":{"start":{"line":2728,"column":0},"end":{"line":2728,"column":71}},"2729":{"start":{"line":2730,"column":0},"end":{"line":2730,"column":29}},"2730":{"start":{"line":2731,"column":0},"end":{"line":2731,"column":126}},"2732":{"start":{"line":2733,"column":0},"end":{"line":2733,"column":68}},"2733":{"start":{"line":2734,"column":0},"end":{"line":2734,"column":150}},"2734":{"start":{"line":2735,"column":0},"end":{"line":2735,"column":43}},"2735":{"start":{"line":2736,"column":0},"end":{"line":2736,"column":24}},"2736":{"start":{"line":2737,"column":0},"end":{"line":2737,"column":90}},"2737":{"start":{"line":2738,"column":0},"end":{"line":2738,"column":22}},"2738":{"start":{"line":2739,"column":0},"end":{"line":2739,"column":5}},"2739":{"start":{"line":2740,"column":0},"end":{"line":2740,"column":1}},"2743":{"start":{"line":2744,"column":0},"end":{"line":2744,"column":70}},"2745":{"start":{"line":2746,"column":0},"end":{"line":2746,"column":101}},"2746":{"start":{"line":2747,"column":0},"end":{"line":2747,"column":19}},"2747":{"start":{"line":2748,"column":0},"end":{"line":2748,"column":68}},"2748":{"start":{"line":2749,"column":0},"end":{"line":2749,"column":92}},"2749":{"start":{"line":2750,"column":0},"end":{"line":2750,"column":96}},"2750":{"start":{"line":2751,"column":0},"end":{"line":2751,"column":91}},"2751":{"start":{"line":2752,"column":0},"end":{"line":2752,"column":93}},"2752":{"start":{"line":2753,"column":0},"end":{"line":2753,"column":92}},"2753":{"start":{"line":2754,"column":0},"end":{"line":2754,"column":11}},"2754":{"start":{"line":2755,"column":0},"end":{"line":2755,"column":5}},"2755":{"start":{"line":2756,"column":0},"end":{"line":2756,"column":106}},"2756":{"start":{"line":2757,"column":0},"end":{"line":2757,"column":75}},"2757":{"start":{"line":2758,"column":0},"end":{"line":2758,"column":32}},"2758":{"start":{"line":2759,"column":0},"end":{"line":2759,"column":92}},"2759":{"start":{"line":2760,"column":0},"end":{"line":2760,"column":23}},"2760":{"start":{"line":2761,"column":0},"end":{"line":2761,"column":5}},"2761":{"start":{"line":2762,"column":0},"end":{"line":2762,"column":170}},"2762":{"start":{"line":2763,"column":0},"end":{"line":2763,"column":73}},"2763":{"start":{"line":2764,"column":0},"end":{"line":2764,"column":34}},"2764":{"start":{"line":2765,"column":0},"end":{"line":2765,"column":51}},"2765":{"start":{"line":2766,"column":0},"end":{"line":2766,"column":30}},"2766":{"start":{"line":2767,"column":0},"end":{"line":2767,"column":51}},"2767":{"start":{"line":2768,"column":0},"end":{"line":2768,"column":52}},"2768":{"start":{"line":2769,"column":0},"end":{"line":2769,"column":26}},"2769":{"start":{"line":2770,"column":0},"end":{"line":2770,"column":55}},"2770":{"start":{"line":2771,"column":0},"end":{"line":2771,"column":55}},"2771":{"start":{"line":2772,"column":0},"end":{"line":2772,"column":26}},"2772":{"start":{"line":2773,"column":0},"end":{"line":2773,"column":50}},"2773":{"start":{"line":2774,"column":0},"end":{"line":2774,"column":51}},"2774":{"start":{"line":2775,"column":0},"end":{"line":2775,"column":26}},"2775":{"start":{"line":2776,"column":0},"end":{"line":2776,"column":52}},"2776":{"start":{"line":2777,"column":0},"end":{"line":2777,"column":53}},"2777":{"start":{"line":2778,"column":0},"end":{"line":2778,"column":26}},"2778":{"start":{"line":2779,"column":0},"end":{"line":2779,"column":52}},"2779":{"start":{"line":2780,"column":0},"end":{"line":2780,"column":53}},"2780":{"start":{"line":2781,"column":0},"end":{"line":2781,"column":26}},"2781":{"start":{"line":2782,"column":0},"end":{"line":2782,"column":24}},"2782":{"start":{"line":2783,"column":0},"end":{"line":2783,"column":53}},"2783":{"start":{"line":2784,"column":0},"end":{"line":2784,"column":38}},"2784":{"start":{"line":2785,"column":0},"end":{"line":2785,"column":124}},"2785":{"start":{"line":2786,"column":0},"end":{"line":2786,"column":50}},"2786":{"start":{"line":2787,"column":0},"end":{"line":2787,"column":36}},"2787":{"start":{"line":2788,"column":0},"end":{"line":2788,"column":116}},"2788":{"start":{"line":2789,"column":0},"end":{"line":2789,"column":13}},"2789":{"start":{"line":2790,"column":0},"end":{"line":2790,"column":9}},"2790":{"start":{"line":2791,"column":0},"end":{"line":2791,"column":23}},"2791":{"start":{"line":2792,"column":0},"end":{"line":2792,"column":5}},"2792":{"start":{"line":2793,"column":0},"end":{"line":2793,"column":136}},"2794":{"start":{"line":2795,"column":0},"end":{"line":2795,"column":41}},"2795":{"start":{"line":2796,"column":0},"end":{"line":2796,"column":65}},"2797":{"start":{"line":2798,"column":0},"end":{"line":2798,"column":43}},"2798":{"start":{"line":2799,"column":0},"end":{"line":2799,"column":77}},"2800":{"start":{"line":2801,"column":0},"end":{"line":2801,"column":39}},"2801":{"start":{"line":2802,"column":0},"end":{"line":2802,"column":73}},"2803":{"start":{"line":2804,"column":0},"end":{"line":2804,"column":43}},"2804":{"start":{"line":2805,"column":0},"end":{"line":2805,"column":66}},"2806":{"start":{"line":2807,"column":0},"end":{"line":2807,"column":43}},"2807":{"start":{"line":2808,"column":0},"end":{"line":2808,"column":66}},"2808":{"start":{"line":2809,"column":0},"end":{"line":2809,"column":43}},"2809":{"start":{"line":2810,"column":0},"end":{"line":2810,"column":24}},"2810":{"start":{"line":2811,"column":0},"end":{"line":2811,"column":90}},"2811":{"start":{"line":2812,"column":0},"end":{"line":2812,"column":22}},"2812":{"start":{"line":2813,"column":0},"end":{"line":2813,"column":5}},"2813":{"start":{"line":2814,"column":0},"end":{"line":2814,"column":1}},"2817":{"start":{"line":2818,"column":0},"end":{"line":2818,"column":94}},"2819":{"start":{"line":2820,"column":0},"end":{"line":2820,"column":75}},"2820":{"start":{"line":2821,"column":0},"end":{"line":2821,"column":19}},"2821":{"start":{"line":2822,"column":0},"end":{"line":2822,"column":55}},"2822":{"start":{"line":2823,"column":0},"end":{"line":2823,"column":91}},"2823":{"start":{"line":2824,"column":0},"end":{"line":2824,"column":92}},"2824":{"start":{"line":2825,"column":0},"end":{"line":2825,"column":157}},"2825":{"start":{"line":2826,"column":0},"end":{"line":2826,"column":153}},"2826":{"start":{"line":2827,"column":0},"end":{"line":2827,"column":96}},"2827":{"start":{"line":2828,"column":0},"end":{"line":2828,"column":95}},"2828":{"start":{"line":2829,"column":0},"end":{"line":2829,"column":100}},"2829":{"start":{"line":2830,"column":0},"end":{"line":2830,"column":97}},"2830":{"start":{"line":2831,"column":0},"end":{"line":2831,"column":97}},"2831":{"start":{"line":2832,"column":0},"end":{"line":2832,"column":79}},"2832":{"start":{"line":2833,"column":0},"end":{"line":2833,"column":100}},"2833":{"start":{"line":2834,"column":0},"end":{"line":2834,"column":11}},"2834":{"start":{"line":2835,"column":0},"end":{"line":2835,"column":5}},"2835":{"start":{"line":2836,"column":0},"end":{"line":2836,"column":80}},"2836":{"start":{"line":2837,"column":0},"end":{"line":2837,"column":75}},"2837":{"start":{"line":2838,"column":0},"end":{"line":2838,"column":32}},"2838":{"start":{"line":2839,"column":0},"end":{"line":2839,"column":79}},"2839":{"start":{"line":2840,"column":0},"end":{"line":2840,"column":23}},"2840":{"start":{"line":2841,"column":0},"end":{"line":2841,"column":5}},"2841":{"start":{"line":2842,"column":0},"end":{"line":2842,"column":144}},"2842":{"start":{"line":2843,"column":0},"end":{"line":2843,"column":73}},"2843":{"start":{"line":2844,"column":0},"end":{"line":2844,"column":34}},"2844":{"start":{"line":2845,"column":0},"end":{"line":2845,"column":51}},"2845":{"start":{"line":2846,"column":0},"end":{"line":2846,"column":30}},"2846":{"start":{"line":2847,"column":0},"end":{"line":2847,"column":50}},"2847":{"start":{"line":2848,"column":0},"end":{"line":2848,"column":51}},"2848":{"start":{"line":2849,"column":0},"end":{"line":2849,"column":26}},"2849":{"start":{"line":2850,"column":0},"end":{"line":2850,"column":51}},"2850":{"start":{"line":2851,"column":0},"end":{"line":2851,"column":52}},"2851":{"start":{"line":2852,"column":0},"end":{"line":2852,"column":26}},"2852":{"start":{"line":2853,"column":0},"end":{"line":2853,"column":87}},"2853":{"start":{"line":2854,"column":0},"end":{"line":2854,"column":51}},"2854":{"start":{"line":2855,"column":0},"end":{"line":2855,"column":26}},"2855":{"start":{"line":2856,"column":0},"end":{"line":2856,"column":85}},"2856":{"start":{"line":2857,"column":0},"end":{"line":2857,"column":50}},"2857":{"start":{"line":2858,"column":0},"end":{"line":2858,"column":26}},"2858":{"start":{"line":2859,"column":0},"end":{"line":2859,"column":55}},"2859":{"start":{"line":2860,"column":0},"end":{"line":2860,"column":55}},"2860":{"start":{"line":2861,"column":0},"end":{"line":2861,"column":26}},"2861":{"start":{"line":2862,"column":0},"end":{"line":2862,"column":54}},"2862":{"start":{"line":2863,"column":0},"end":{"line":2863,"column":55}},"2863":{"start":{"line":2864,"column":0},"end":{"line":2864,"column":26}},"2864":{"start":{"line":2865,"column":0},"end":{"line":2865,"column":59}},"2865":{"start":{"line":2866,"column":0},"end":{"line":2866,"column":59}},"2866":{"start":{"line":2867,"column":0},"end":{"line":2867,"column":26}},"2867":{"start":{"line":2868,"column":0},"end":{"line":2868,"column":56}},"2868":{"start":{"line":2869,"column":0},"end":{"line":2869,"column":56}},"2869":{"start":{"line":2870,"column":0},"end":{"line":2870,"column":26}},"2870":{"start":{"line":2871,"column":0},"end":{"line":2871,"column":56}},"2871":{"start":{"line":2872,"column":0},"end":{"line":2872,"column":55}},"2872":{"start":{"line":2873,"column":0},"end":{"line":2873,"column":26}},"2873":{"start":{"line":2874,"column":0},"end":{"line":2874,"column":75}},"2874":{"start":{"line":2875,"column":0},"end":{"line":2875,"column":121}},"2875":{"start":{"line":2876,"column":0},"end":{"line":2876,"column":26}},"2876":{"start":{"line":2877,"column":0},"end":{"line":2877,"column":60}},"2877":{"start":{"line":2878,"column":0},"end":{"line":2878,"column":59}},"2878":{"start":{"line":2879,"column":0},"end":{"line":2879,"column":26}},"2879":{"start":{"line":2880,"column":0},"end":{"line":2880,"column":24}},"2880":{"start":{"line":2881,"column":0},"end":{"line":2881,"column":53}},"2881":{"start":{"line":2882,"column":0},"end":{"line":2882,"column":38}},"2882":{"start":{"line":2883,"column":0},"end":{"line":2883,"column":124}},"2883":{"start":{"line":2884,"column":0},"end":{"line":2884,"column":50}},"2884":{"start":{"line":2885,"column":0},"end":{"line":2885,"column":36}},"2885":{"start":{"line":2886,"column":0},"end":{"line":2886,"column":116}},"2886":{"start":{"line":2887,"column":0},"end":{"line":2887,"column":13}},"2887":{"start":{"line":2888,"column":0},"end":{"line":2888,"column":9}},"2888":{"start":{"line":2889,"column":0},"end":{"line":2889,"column":23}},"2889":{"start":{"line":2890,"column":0},"end":{"line":2890,"column":5}},"2890":{"start":{"line":2891,"column":0},"end":{"line":2891,"column":123}},"2892":{"start":{"line":2893,"column":0},"end":{"line":2893,"column":39}},"2893":{"start":{"line":2894,"column":0},"end":{"line":2894,"column":73}},"2895":{"start":{"line":2896,"column":0},"end":{"line":2896,"column":43}},"2896":{"start":{"line":2897,"column":0},"end":{"line":2897,"column":77}},"2898":{"start":{"line":2899,"column":0},"end":{"line":2899,"column":41}},"2899":{"start":{"line":2900,"column":0},"end":{"line":2900,"column":65}},"2901":{"start":{"line":2902,"column":0},"end":{"line":2902,"column":40}},"2902":{"start":{"line":2903,"column":0},"end":{"line":2903,"column":64}},"2904":{"start":{"line":2905,"column":0},"end":{"line":2905,"column":39}},"2905":{"start":{"line":2906,"column":0},"end":{"line":2906,"column":63}},"2907":{"start":{"line":2908,"column":0},"end":{"line":2908,"column":43}},"2908":{"start":{"line":2909,"column":0},"end":{"line":2909,"column":77}},"2910":{"start":{"line":2911,"column":0},"end":{"line":2911,"column":47}},"2911":{"start":{"line":2912,"column":0},"end":{"line":2912,"column":81}},"2913":{"start":{"line":2914,"column":0},"end":{"line":2914,"column":28}},"2914":{"start":{"line":2915,"column":0},"end":{"line":2915,"column":126}},"2916":{"start":{"line":2917,"column":0},"end":{"line":2917,"column":45}},"2917":{"start":{"line":2918,"column":0},"end":{"line":2918,"column":69}},"2919":{"start":{"line":2920,"column":0},"end":{"line":2920,"column":43}},"2920":{"start":{"line":2921,"column":0},"end":{"line":2921,"column":78}},"2922":{"start":{"line":2923,"column":0},"end":{"line":2923,"column":49}},"2923":{"start":{"line":2924,"column":0},"end":{"line":2924,"column":73}},"2924":{"start":{"line":2925,"column":0},"end":{"line":2925,"column":43}},"2925":{"start":{"line":2926,"column":0},"end":{"line":2926,"column":24}},"2926":{"start":{"line":2927,"column":0},"end":{"line":2927,"column":90}},"2927":{"start":{"line":2928,"column":0},"end":{"line":2928,"column":22}},"2928":{"start":{"line":2929,"column":0},"end":{"line":2929,"column":5}},"2929":{"start":{"line":2930,"column":0},"end":{"line":2930,"column":1}},"2933":{"start":{"line":2934,"column":0},"end":{"line":2934,"column":68}},"2935":{"start":{"line":2936,"column":0},"end":{"line":2936,"column":75}},"2936":{"start":{"line":2937,"column":0},"end":{"line":2937,"column":19}},"2937":{"start":{"line":2938,"column":0},"end":{"line":2938,"column":55}},"2938":{"start":{"line":2939,"column":0},"end":{"line":2939,"column":91}},"2939":{"start":{"line":2940,"column":0},"end":{"line":2940,"column":78}},"2940":{"start":{"line":2941,"column":0},"end":{"line":2941,"column":11}},"2941":{"start":{"line":2942,"column":0},"end":{"line":2942,"column":5}},"2942":{"start":{"line":2943,"column":0},"end":{"line":2943,"column":80}},"2943":{"start":{"line":2944,"column":0},"end":{"line":2944,"column":75}},"2944":{"start":{"line":2945,"column":0},"end":{"line":2945,"column":32}},"2945":{"start":{"line":2946,"column":0},"end":{"line":2946,"column":79}},"2946":{"start":{"line":2947,"column":0},"end":{"line":2947,"column":23}},"2947":{"start":{"line":2948,"column":0},"end":{"line":2948,"column":5}},"2948":{"start":{"line":2949,"column":0},"end":{"line":2949,"column":144}},"2949":{"start":{"line":2950,"column":0},"end":{"line":2950,"column":73}},"2950":{"start":{"line":2951,"column":0},"end":{"line":2951,"column":34}},"2951":{"start":{"line":2952,"column":0},"end":{"line":2952,"column":51}},"2952":{"start":{"line":2953,"column":0},"end":{"line":2953,"column":30}},"2953":{"start":{"line":2954,"column":0},"end":{"line":2954,"column":50}},"2954":{"start":{"line":2955,"column":0},"end":{"line":2955,"column":51}},"2955":{"start":{"line":2956,"column":0},"end":{"line":2956,"column":26}},"2956":{"start":{"line":2957,"column":0},"end":{"line":2957,"column":75}},"2957":{"start":{"line":2958,"column":0},"end":{"line":2958,"column":121}},"2958":{"start":{"line":2959,"column":0},"end":{"line":2959,"column":26}},"2959":{"start":{"line":2960,"column":0},"end":{"line":2960,"column":24}},"2960":{"start":{"line":2961,"column":0},"end":{"line":2961,"column":53}},"2961":{"start":{"line":2962,"column":0},"end":{"line":2962,"column":38}},"2962":{"start":{"line":2963,"column":0},"end":{"line":2963,"column":124}},"2963":{"start":{"line":2964,"column":0},"end":{"line":2964,"column":50}},"2964":{"start":{"line":2965,"column":0},"end":{"line":2965,"column":36}},"2965":{"start":{"line":2966,"column":0},"end":{"line":2966,"column":116}},"2966":{"start":{"line":2967,"column":0},"end":{"line":2967,"column":13}},"2967":{"start":{"line":2968,"column":0},"end":{"line":2968,"column":9}},"2968":{"start":{"line":2969,"column":0},"end":{"line":2969,"column":23}},"2969":{"start":{"line":2970,"column":0},"end":{"line":2970,"column":5}},"2970":{"start":{"line":2971,"column":0},"end":{"line":2971,"column":123}},"2972":{"start":{"line":2973,"column":0},"end":{"line":2973,"column":39}},"2973":{"start":{"line":2974,"column":0},"end":{"line":2974,"column":73}},"2975":{"start":{"line":2976,"column":0},"end":{"line":2976,"column":28}},"2976":{"start":{"line":2977,"column":0},"end":{"line":2977,"column":126}},"2977":{"start":{"line":2978,"column":0},"end":{"line":2978,"column":43}},"2978":{"start":{"line":2979,"column":0},"end":{"line":2979,"column":24}},"2979":{"start":{"line":2980,"column":0},"end":{"line":2980,"column":90}},"2980":{"start":{"line":2981,"column":0},"end":{"line":2981,"column":22}},"2981":{"start":{"line":2982,"column":0},"end":{"line":2982,"column":5}},"2982":{"start":{"line":2983,"column":0},"end":{"line":2983,"column":1}},"2986":{"start":{"line":2987,"column":0},"end":{"line":2987,"column":68}},"2988":{"start":{"line":2989,"column":0},"end":{"line":2989,"column":73}},"2989":{"start":{"line":2990,"column":0},"end":{"line":2990,"column":19}},"2990":{"start":{"line":2991,"column":0},"end":{"line":2991,"column":54}},"2991":{"start":{"line":2992,"column":0},"end":{"line":2992,"column":91}},"2992":{"start":{"line":2993,"column":0},"end":{"line":2993,"column":124}},"2993":{"start":{"line":2994,"column":0},"end":{"line":2994,"column":78}},"2994":{"start":{"line":2995,"column":0},"end":{"line":2995,"column":146}},"2995":{"start":{"line":2996,"column":0},"end":{"line":2996,"column":124}},"2996":{"start":{"line":2997,"column":0},"end":{"line":2997,"column":131}},"2997":{"start":{"line":2998,"column":0},"end":{"line":2998,"column":11}},"2998":{"start":{"line":2999,"column":0},"end":{"line":2999,"column":5}},"2999":{"start":{"line":3000,"column":0},"end":{"line":3000,"column":78}},"3000":{"start":{"line":3001,"column":0},"end":{"line":3001,"column":75}},"3001":{"start":{"line":3002,"column":0},"end":{"line":3002,"column":27}},"3002":{"start":{"line":3003,"column":0},"end":{"line":3003,"column":35}},"3003":{"start":{"line":3004,"column":0},"end":{"line":3004,"column":34}},"3004":{"start":{"line":3005,"column":0},"end":{"line":3005,"column":32}},"3005":{"start":{"line":3006,"column":0},"end":{"line":3006,"column":78}},"3006":{"start":{"line":3007,"column":0},"end":{"line":3007,"column":23}},"3007":{"start":{"line":3008,"column":0},"end":{"line":3008,"column":5}},"3008":{"start":{"line":3009,"column":0},"end":{"line":3009,"column":142}},"3009":{"start":{"line":3010,"column":0},"end":{"line":3010,"column":73}},"3010":{"start":{"line":3011,"column":0},"end":{"line":3011,"column":34}},"3011":{"start":{"line":3012,"column":0},"end":{"line":3012,"column":51}},"3012":{"start":{"line":3013,"column":0},"end":{"line":3013,"column":30}},"3013":{"start":{"line":3014,"column":0},"end":{"line":3014,"column":50}},"3014":{"start":{"line":3015,"column":0},"end":{"line":3015,"column":51}},"3015":{"start":{"line":3016,"column":0},"end":{"line":3016,"column":26}},"3016":{"start":{"line":3017,"column":0},"end":{"line":3017,"column":85}},"3017":{"start":{"line":3018,"column":0},"end":{"line":3018,"column":118}},"3018":{"start":{"line":3019,"column":0},"end":{"line":3019,"column":26}},"3019":{"start":{"line":3020,"column":0},"end":{"line":3020,"column":74}},"3020":{"start":{"line":3021,"column":0},"end":{"line":3021,"column":120}},"3021":{"start":{"line":3022,"column":0},"end":{"line":3022,"column":26}},"3022":{"start":{"line":3023,"column":0},"end":{"line":3023,"column":107}},"3023":{"start":{"line":3024,"column":0},"end":{"line":3024,"column":139}},"3024":{"start":{"line":3025,"column":0},"end":{"line":3025,"column":26}},"3025":{"start":{"line":3026,"column":0},"end":{"line":3026,"column":59}},"3026":{"start":{"line":3027,"column":0},"end":{"line":3027,"column":63}},"3027":{"start":{"line":3028,"column":0},"end":{"line":3028,"column":26}},"3028":{"start":{"line":3029,"column":0},"end":{"line":3029,"column":82}},"3029":{"start":{"line":3030,"column":0},"end":{"line":3030,"column":56}},"3030":{"start":{"line":3031,"column":0},"end":{"line":3031,"column":26}},"3031":{"start":{"line":3032,"column":0},"end":{"line":3032,"column":24}},"3032":{"start":{"line":3033,"column":0},"end":{"line":3033,"column":53}},"3033":{"start":{"line":3034,"column":0},"end":{"line":3034,"column":38}},"3034":{"start":{"line":3035,"column":0},"end":{"line":3035,"column":124}},"3035":{"start":{"line":3036,"column":0},"end":{"line":3036,"column":50}},"3036":{"start":{"line":3037,"column":0},"end":{"line":3037,"column":36}},"3037":{"start":{"line":3038,"column":0},"end":{"line":3038,"column":116}},"3038":{"start":{"line":3039,"column":0},"end":{"line":3039,"column":13}},"3039":{"start":{"line":3040,"column":0},"end":{"line":3040,"column":9}},"3040":{"start":{"line":3041,"column":0},"end":{"line":3041,"column":23}},"3041":{"start":{"line":3042,"column":0},"end":{"line":3042,"column":5}},"3042":{"start":{"line":3043,"column":0},"end":{"line":3043,"column":122}},"3044":{"start":{"line":3045,"column":0},"end":{"line":3045,"column":39}},"3045":{"start":{"line":3046,"column":0},"end":{"line":3046,"column":73}},"3047":{"start":{"line":3048,"column":0},"end":{"line":3048,"column":54}},"3048":{"start":{"line":3049,"column":0},"end":{"line":3049,"column":139}},"3050":{"start":{"line":3051,"column":0},"end":{"line":3051,"column":28}},"3051":{"start":{"line":3052,"column":0},"end":{"line":3052,"column":125}},"3053":{"start":{"line":3054,"column":0},"end":{"line":3054,"column":62}},"3054":{"start":{"line":3055,"column":0},"end":{"line":3055,"column":160}},"3056":{"start":{"line":3057,"column":0},"end":{"line":3057,"column":61}},"3057":{"start":{"line":3058,"column":0},"end":{"line":3058,"column":84}},"3059":{"start":{"line":3060,"column":0},"end":{"line":3060,"column":45}},"3060":{"start":{"line":3061,"column":0},"end":{"line":3061,"column":69}},"3061":{"start":{"line":3062,"column":0},"end":{"line":3062,"column":43}},"3062":{"start":{"line":3063,"column":0},"end":{"line":3063,"column":24}},"3063":{"start":{"line":3064,"column":0},"end":{"line":3064,"column":90}},"3064":{"start":{"line":3065,"column":0},"end":{"line":3065,"column":22}},"3065":{"start":{"line":3066,"column":0},"end":{"line":3066,"column":5}},"3066":{"start":{"line":3067,"column":0},"end":{"line":3067,"column":1}},"3070":{"start":{"line":3071,"column":0},"end":{"line":3071,"column":66}},"3072":{"start":{"line":3073,"column":0},"end":{"line":3073,"column":109}},"3073":{"start":{"line":3074,"column":0},"end":{"line":3074,"column":19}},"3074":{"start":{"line":3075,"column":0},"end":{"line":3075,"column":72}},"3075":{"start":{"line":3076,"column":0},"end":{"line":3076,"column":91}},"3076":{"start":{"line":3077,"column":0},"end":{"line":3077,"column":88}},"3077":{"start":{"line":3078,"column":0},"end":{"line":3078,"column":11}},"3078":{"start":{"line":3079,"
[...]
tart":{"line":110,"column":0},"end":{"line":110,"column":36}},"110":{"start":{"line":111,"column":0},"end":{"line":111,"column":35}},"111":{"start":{"line":112,"column":0},"end":{"line":112,"column":20}},"112":{"start":{"line":113,"column":0},"end":{"line":113,"column":23}},"113":{"start":{"line":114,"column":0},"end":{"line":114,"column":107}},"114":{"start":{"line":115,"column":0},"end":{"line":115,"column":76}},"115":{"start":{"line":116,"column":0},"end":{"line":116,"column":18}},"116":{"start":{"line":117,"column":0},"end":{"line":117,"column":17}},"117":{"start":{"line":118,"column":0},"end":{"line":118,"column":29}},"118":{"start":{"line":119,"column":0},"end":{"line":119,"column":7}},"119":{"start":{"line":120,"column":0},"end":{"line":120,"column":6}},"122":{"start":{"line":123,"column":0},"end":{"line":123,"column":39}},"123":{"start":{"line":124,"column":0},"end":{"line":124,"column":24}},"124":{"start":{"line":125,"column":0},"end":{"line":125,"column":26}},"125":{"start":{"line":126,"column":0},"end":{"line":126,"column":11}},"126":{"start":{"line":127,"column":0},"end":{"line":127,"column":54}},"127":{"start":{"line":128,"column":0},"end":{"line":128,"column":31}},"128":{"start":{"line":129,"column":0},"end":{"line":129,"column":39}},"129":{"start":{"line":130,"column":0},"end":{"line":130,"column":36}},"130":{"start":{"line":131,"column":0},"end":{"line":131,"column":37}},"131":{"start":{"line":132,"column":0},"end":{"line":132,"column":20}},"132":{"start":{"line":133,"column":0},"end":{"line":133,"column":23}},"133":{"start":{"line":134,"column":0},"end":{"line":134,"column":103}},"134":{"start":{"line":135,"column":0},"end":{"line":135,"column":72}},"135":{"start":{"line":136,"column":0},"end":{"line":136,"column":18}},"136":{"start":{"line":137,"column":0},"end":{"line":137,"column":17}},"137":{"start":{"line":138,"column":0},"end":{"line":138,"column":29}},"138":{"start":{"line":139,"column":0},"end":{"line":139,"column":7}},"139":{"start":{"line":140,"column":0},"end":{"line":140,"column":6}},"142":{"start":{"line":143,"column":0},"end":{"line":143,"column":25}},"143":{"start":{"line":144,"column":0},"end":{"line":144,"column":24}},"144":{"start":{"line":145,"column":0},"end":{"line":145,"column":26}},"145":{"start":{"line":146,"column":0},"end":{"line":146,"column":11}},"146":{"start":{"line":147,"column":0},"end":{"line":147,"column":49}},"147":{"start":{"line":148,"column":0},"end":{"line":148,"column":43}},"148":{"start":{"line":149,"column":0},"end":{"line":149,"column":41}},"149":{"start":{"line":150,"column":0},"end":{"line":150,"column":35}},"150":{"start":{"line":151,"column":0},"end":{"line":151,"column":10}},"153":{"start":{"line":154,"column":0},"end":{"line":154,"column":53}},"154":{"start":{"line":155,"column":0},"end":{"line":155,"column":46}},"155":{"start":{"line":156,"column":0},"end":{"line":156,"column":21}},"156":{"start":{"line":157,"column":0},"end":{"line":157,"column":87}},"157":{"start":{"line":158,"column":0},"end":{"line":158,"column":37}},"158":{"start":{"line":159,"column":0},"end":{"line":159,"column":18}},"159":{"start":{"line":160,"column":0},"end":{"line":160,"column":37}},"160":{"start":{"line":161,"column":0},"end":{"line":161,"column":40}},"162":{"start":{"line":163,"column":0},"end":{"line":163,"column":20}},"163":{"start":{"line":164,"column":0},"end":{"line":164,"column":23}},"164":{"start":{"line":165,"column":0},"end":{"line":165,"column":101}},"165":{"start":{"line":166,"column":0},"end":{"line":166,"column":70}},"166":{"start":{"line":167,"column":0},"end":{"line":167,"column":21}},"167":{"start":{"line":168,"column":0},"end":{"line":168,"column":17}},"168":{"start":{"line":169,"column":0},"end":{"line":169,"column":29}},"169":{"start":{"line":170,"column":0},"end":{"line":170,"column":7}},"170":{"start":{"line":171,"column":0},"end":{"line":171,"column":6}},"173":{"start":{"line":174,"column":0},"end":{"line":174,"column":31}},"174":{"start":{"line":175,"column":0},"end":{"line":175,"column":27}},"177":{"start":{"line":178,"column":0},"end":{"line":178,"column":21}},"178":{"start":{"line":179,"column":0},"end":{"line":179,"column":21}},"179":{"start":{"line":180,"column":0},"end":{"line":180,"column":37}},"180":{"start":{"line":181,"column":0},"end":{"line":181,"column":60}},"181":{"start":{"line":182,"column":0},"end":{"line":182,"column":11}},"182":{"start":{"line":183,"column":0},"end":{"line":183,"column":16}},"183":{"start":{"line":184,"column":0},"end":{"line":184,"column":24}},"184":{"start":{"line":185,"column":0},"end":{"line":185,"column":40}},"185":{"start":{"line":186,"column":0},"end":{"line":186,"column":69}},"186":{"start":{"line":187,"column":0},"end":{"line":187,"column":11}},"187":{"start":{"line":188,"column":0},"end":{"line":188,"column":16}},"188":{"start":{"line":189,"column":0},"end":{"line":189,"column":26}},"189":{"start":{"line":190,"column":0},"end":{"line":190,"column":43}},"190":{"start":{"line":191,"column":0},"end":{"line":191,"column":16}},"191":{"start":{"line":192,"column":0},"end":{"line":192,"column":20}},"193":{"start":{"line":194,"column":0},"end":{"line":194,"column":16}},"194":{"start":{"line":195,"column":0},"end":{"line":195,"column":7}},"195":{"start":{"line":196,"column":0},"end":{"line":196,"column":6}},"198":{"start":{"line":199,"column":0},"end":{"line":199,"column":36}},"199":{"start":{"line":200,"column":0},"end":{"line":200,"column":37}},"200":{"start":{"line":201,"column":0},"end":{"line":201,"column":6}},"203":{"start":{"line":204,"column":0},"end":{"line":204,"column":54}},"204":{"start":{"line":205,"column":0},"end":{"line":205,"column":47}},"205":{"start":{"line":206,"column":0},"end":{"line":206,"column":6}},"208":{"start":{"line":209,"column":0},"end":{"line":209,"column":20}},"209":{"start":{"line":210,"column":0},"end":{"line":210,"column":22}},"210":{"start":{"line":211,"column":0},"end":{"line":211,"column":20}},"211":{"start":{"line":212,"column":0},"end":{"line":212,"column":26}},"212":{"start":{"line":213,"column":0},"end":{"line":213,"column":23}},"213":{"start":{"line":214,"column":0},"end":{"line":214,"column":10}},"214":{"start":{"line":215,"column":0},"end":{"line":215,"column":26}},"215":{"start":{"line":216,"column":0},"end":{"line":216,"column":8}},"216":{"start":{"line":217,"column":0},"end":{"line":217,"column":5}},"217":{"start":{"line":218,"column":0},"end":{"line":218,"column":4}},"219":{"start":{"line":220,"column":0},"end":{"line":220,"column":12}},"221":{"start":{"line":222,"column":0},"end":{"line":222,"column":39}},"222":{"start":{"line":223,"column":0},"end":{"line":223,"column":35}},"225":{"start":{"line":226,"column":0},"end":{"line":226,"column":79}},"226":{"start":{"line":227,"column":0},"end":{"line":227,"column":40}},"227":{"start":{"line":228,"column":0},"end":{"line":228,"column":43}},"229":{"start":{"line":230,"column":0},"end":{"line":230,"column":71}},"231":{"start":{"line":232,"column":0},"end":{"line":232,"column":96}},"232":{"start":{"line":233,"column":0},"end":{"line":233,"column":25}},"233":{"start":{"line":234,"column":0},"end":{"line":234,"column":11}},"235":{"start":{"line":236,"column":0},"end":{"line":236,"column":92}},"236":{"start":{"line":237,"column":0},"end":{"line":237,"column":25}},"237":{"start":{"line":238,"column":0},"end":{"line":238,"column":11}},"239":{"start":{"line":240,"column":0},"end":{"line":240,"column":22}},"240":{"start":{"line":241,"column":0},"end":{"line":241,"column":11}},"241":{"start":{"line":242,"column":0},"end":{"line":242,"column":7}},"243":{"start":{"line":244,"column":0},"end":{"line":244,"column":20}},"244":{"start":{"line":245,"column":0},"end":{"line":245,"column":6}},"247":{"start":{"line":248,"column":0},"end":{"line":248,"column":43}},"248":{"start":{"line":249,"column":0},"end":{"line":249,"column":49}},"250":{"start":{"line":251,"column":0},"end":{"line":251,"column":31}},"251":{"start":{"line":252,"column":0},"end":{"line":252,"column":16}},"252":{"start":{"line":253,"column":0},"end":{"line":253,"column":24}},"253":{"start":{"line":254,"column":0},"end":{"line":254,"column":33}},"254":{"start":{"line":255,"column":0},"end":{"line":255,"column":25}},"255":{"start":{"line":256,"column":0},"end":{"line":256,"column":33}},"256":{"start":{"line":257,"column":0},"end":{"line":257,"column":10}},"257":{"start":{"line":258,"column":0},"end":{"line":258,"column":7}},"260":{"start":{"line":261,"column":0},"end":{"line":261,"column":43}},"263":{"start":{"line":264,"column":0},"end":{"line":264,"column":99}},"264":{"start":{"line":265,"column":0},"end":{"line":265,"column":103}},"267":{"start":{"line":268,"column":0},"end":{"line":268,"column":99}},"271":{"start":{"line":272,"column":0},"end":{"line":272,"column":101}},"272":{"start":{"line":273,"column":0},"end":{"line":273,"column":82}},"274":{"start":{"line":275,"column":0},"end":{"line":275,"column":61}},"275":{"start":{"line":276,"column":0},"end":{"line":276,"column":54}},"276":{"start":{"line":277,"column":0},"end":{"line":277,"column":54}},"278":{"start":{"line":279,"column":0},"end":{"line":279,"column":14}},"279":{"start":{"line":280,"column":0},"end":{"line":280,"column":19}},"280":{"start":{"line":281,"column":0},"end":{"line":281,"column":28}},"281":{"start":{"line":282,"column":0},"end":{"line":282,"column":40}},"282":{"start":{"line":283,"column":0},"end":{"line":283,"column":76}},"283":{"start":{"line":284,"column":0},"end":{"line":284,"column":8}},"284":{"start":{"line":285,"column":0},"end":{"line":285,"column":6}},"287":{"start":{"line":288,"column":0},"end":{"line":288,"column":55}},"288":{"start":{"line":289,"column":0},"end":{"line":289,"column":49}},"291":{"start":{"line":292,"column":0},"end":{"line":292,"column":48}},"293":{"start":{"line":294,"column":0},"end":{"line":294,"column":34}},"294":{"start":{"line":295,"column":0},"end":{"line":295,"column":36}},"296":{"start":{"line":297,"column":0},"end":{"line":297,"column":16}},"297":{"start":{"line":298,"column":0},"end":{"line":298,"column":69}},"299":{"start":{"line":300,"column":0},"end":{"line":300,"column":32}},"300":{"start":{"line":301,"column":0},"end":{"line":301,"column":24}},"302":{"start":{"line":303,"column":0},"end":{"line":303,"column":41}},"303":{"start":{"line":304,"column":0},"end":{"line":304,"column":31}},"304":{"start":{"line":305,"column":0},"end":{"line":305,"column":18}},"305":{"start":{"line":306,"column":0},"end":{"line":306,"column":11}},"306":{"start":{"line":307,"column":0},"end":{"line":307,"column":23}},"307":{"start":{"line":308,"column":0},"end":{"line":308,"column":26}},"308":{"start":{"line":309,"column":0},"end":{"line":309,"column":28}},"309":{"start":{"line":310,"column":0},"end":{"line":310,"column":20}},"311":{"start":{"line":312,"column":0},"end":{"line":312,"column":89}},"312":{"start":{"line":313,"column":0},"end":{"line":313,"column":18}},"313":{"start":{"line":314,"column":0},"end":{"line":314,"column":11}},"314":{"start":{"line":315,"column":0},"end":{"line":315,"column":9}},"316":{"start":{"line":317,"column":0},"end":{"line":317,"column":31}},"317":{"start":{"line":318,"column":0},"end":{"line":318,"column":50}},"318":{"start":{"line":319,"column":0},"end":{"line":319,"column":16}},"319":{"start":{"line":320,"column":0},"end":{"line":320,"column":30}},"320":{"start":{"line":321,"column":0},"end":{"line":321,"column":9}},"321":{"start":{"line":322,"column":0},"end":{"line":322,"column":9}},"324":{"start":{"line":325,"column":0},"end":{"line":325,"column":68}},"325":{"start":{"line":326,"column":0},"end":{"line":326,"column":13}},"326":{"start":{"line":327,"column":0},"end":{"line":327,"column":13}},"327":{"start":{"line":328,"column":0},"end":{"line":328,"column":55}},"328":{"start":{"line":329,"column":0},"end":{"line":329,"column":5}},"329":{"start":{"line":330,"column":0},"end":{"line":330,"column":3}},"330":{"start":{"line":331,"column":0},"end":{"line":331,"column":3}}},"s":{"0":1,"1":1,"9":1,"23":1,"24":1,"26":5,"28":5,"30":5,"31":5,"32":5,"33":5,"34":5,"35":5,"36":5,"38":5,"39":5,"41":5,"42":5,"43":5,"45":1,"47":1,"48":0,"49":0,"50":0,"51":0,"52":0,"53":0,"54":0,"55":0,"56":0,"57":0,"58":0,"59":0,"60":0,"63":1,"64":0,"65":0,"66":0,"67":0,"68":0,"69":0,"70":0,"71":0,"72":0,"73":0,"74":0,"75":0,"76":0,"77":0,"78":0,"79":0,"82":1,"83":0,"84":0,"85":0,"86":0,"87":0,"88":0,"89":0,"90":0,"91":0,"92":0,"93":0,"94":0,"95":0,"96":0,"97":0,"98":0,"99":0,"102":1,"103":0,"104":0,"105":0,"106":0,"107":0,"108":0,"109":0,"110":0,"111":0,"112":0,"113":0,"114":0,"115":0,"116":0,"117":0,"118":0,"119":0,"122":1,"123":2,"124":2,"125":2,"126":2,"127":2,"128":2,"129":2,"130":2,"131":2,"132":2,"133":0,"134":0,"135":0,"136":2,"137":2,"138":2,"139":2,"142":1,"143":1,"144":1,"145":1,"146":1,"147":1,"148":1,"149":1,"150":1,"153":1,"154":1,"155":1,"156":1,"157":1,"158":1,"159":1,"160":1,"162":1,"163":1,"164":0,"165":0,"166":0,"167":1,"168":1,"169":1,"170":1,"173":1,"174":1,"177":1,"178":1,"179":0,"180":0,"181":0,"182":0,"183":1,"184":0,"185":0,"186":0,"187":0,"188":1,"189":1,"190":1,"191":1,"193":0,"194":1,"195":1,"198":1,"199":0,"200":0,"203":1,"204":0,"205":0,"208":1,"209":0,"210":0,"211":0,"212":0,"213":0,"214":0,"215":0,"216":0,"217":1,"219":1,"221":1,"222":1,"225":1,"226":0,"227":0,"229":0,"231":0,"232":0,"233":0,"235":0,"236":0,"237":0,"239":0,"240":0,"241":0,"243":1,"244":1,"247":1,"248":1,"250":1,"251":0,"252":0,"253":0,"254":0,"255":0,"256":0,"257":0,"260":1,"263":1,"264":1,"267":1,"271":1,"272":1,"274":1,"275":1,"276":1,"278":1,"279":1,"280":1,"281":1,"282":1,"283":1,"284":1,"287":1,"288":0,"291":0,"293":0,"294":0,"296":0,"297":0,"299":0,"300":0,"302":0,"303":0,"304":0,"305":0,"306":0,"307":0,"308":0,"309":0,"311":0,"312":0,"313":0,"314":0,"316":0,"317":0,"318":0,"319":0,"320":0,"321":0,"324":0,"325":0,"326":0,"327":0,"328":0,"329":1,"330":1},"branchMap":{"0":{"type":"branch","line":25,"loc":{"start":{"line":25,"column":9},"end":{"line":44,"column":5}},"locations":[{"start":{"line":25,"column":9},"end":{"line":44,"column":5}}]},"1":{"type":"branch","line":123,"loc":{"start":{"line":123,"column":4},"end":{"line":140,"column":6}},"locations":[{"start":{"line":123,"column":4},"end":{"line":140,"column":6}}]},"2":{"type":"branch","line":133,"loc":{"start":{"line":133,"column":6},"end":{"line":137,"column":8}},"locations":[{"start":{"line":133,"column":6},"end":{"line":137,"column":8}}]},"3":{"type":"branch","line":143,"loc":{"start":{"line":143,"column":4},"end":{"line":171,"column":6}},"locations":[{"start":{"line":143,"column":4},"end":{"line":171,"column":6}}]},"4":{"type":"branch","line":164,"loc":{"start":{"line":164,"column":6},"end":{"line":168,"column":8}},"locations":[{"start":{"line":164,"column":6},"end":{"line":168,"column":8}}]},"5":{"type":"branch","line":174,"loc":{"start":{"line":174,"column":4},"end":{"line":196,"column":6}},"locations":[{"start":{"line":174,"column":4},"end":{"line":196,"column":6}}]},"6":{"type":"branch","line":179,"loc":{"start":{"line":179,"column":8},"end":{"line":183,"column":16}},"locations":[{"start":{"line":179,"column":8},"end":{"line":183,"column":16}}]},"7":{"type":"branch","line":184,"loc":{"start":{"line":184,"column":8},"end":{"line":188,"column":16}},"locations":[{"start":{"line":184,"column":8},"end":{"line":188,"column":16}}]},"8":{"type":"branch","line":192,"loc":{"start":{"line":192,"column":8},"end":{"line":194,"column":16}},"locations":[{"start":{"line":192,"column":8},"end":{"line":194,"column":16}}]},"9":{"type":"branch","line":222,"loc":{"start":{"line":222,"column":4},"end":{"line":245,"column":6}},"locations":[{"start":{"line":222,"column":4},"end":{"line":245,"column":6}}]},"10":{"type":"branch","line":226,"loc":{"start":{"line":226,"column":78},"end":{"line":242,"column":7}},"locations":[{"start":{"line":226,"column":78},"end":{"line":242,"column":7}}]},"11":{"type":"branch","line":248,"loc":{"start":{"line":248,"column":4},"end":{"line":285,"column":6}},"locations":[{"start":{"line":248,"column":4},"end":{"line":285,"column":6}}]},"12":{"type":"branch","line":251,"loc":{"start":{"line":251,"column":30},"end":{"line":258,"column":7}},"locations":[{"start":{"line":251,"column":30},"end":{"line":258,"column":7}}]},"13":{"type":"branch","line":265,"loc":{"start":{"line":265,"column":97},"end":{"line":265,"column":103}},"locations":[{"start":{"line":265,"column":97},"end":{"line":265,"column":103}}]},"14":{"type":"branch","line":273,"loc":{"start":{"line":273,"column":67},"end":{"line":273,"column":82}},"locations":[{"start":{"line":273,"column":67},"end":{"line":273,"column":82}}]},"15":{"type":"branch","line":264,"loc":{"start":{"line":264,"column":47},"end":{"line":264,"column":90}},"locations":[{"start":{"line":264,"column":47},"end":{"line":264,"column":90}}]},"16":{"type":"branch","line":268,"loc":{"start":{"line":268,"column":51},"end":{"line":268,"column":96}},"locations":[{"start":{"line":268,"column":51},"end":{"line":268,"column":96}}]},"17":{"type":"branch","line":272,"loc":{"start":{"line":272,"column":48},"end":{"line":272,"column":98}},"locations":[{"start":{"line":272,"column":48},"end":{"line":272,"column":98}}]}},"b":{"0":[5],"1":[2],"2":[0],"3":[1],"4":[0],"5":[1],"6":[0],"7":[0],"8":[0],"9":[1],"10":[0],"11":[1],"12":[0],"13":[0],"14":[0],"15":[2],"16":[2],"17":[2]},"fnMap":{"0":{"name":"state","decl":{"start":{"line":25,"column":9},"end":{"line":44,"column":5}},"loc":{"start":{"line":25,"column":9},"end":{"line":44,"column":5}},"line":25},"1":{"name":"recordStatistics","decl":{"start":{"line":48,"column":4},"end":{"line":61,"column":6}},"loc":{"start":{"line":48,"column":4},"end":{"line":61,"column":6}},"line":48},"2":{"name":"fetchEmployeeStatistics","decl":{"start":{"line":64,"column":4},"end":{"line":80,"column":6}},"loc":{"start":{"line":64,"column":4},"end":{"line":80,"column":6}},"line":64},"3":{"name":"fetchMediaStatistics","decl":{"start":{"line":83,"column":4},"end":{"line":100,"column":6}},"loc":{"start":{"line":83,"column":4},"end":{"line":100,"column":6}},"line":83},"4":{"name":"fetchEmployeeAllStatistics","decl":{"start":{"line":103,"column":4},"end":{"line":120,"column":6}},"loc":{"start":{"line":103,"column":4},"end":{"line":120,"column":6}},"line":103},"5":{"name":"fetchDepartmentStatistics","decl":{"start":{"line":123,"column":4},"end":{"line":140,"column":6}},"loc":{"start":{"line":123,"column":4},"end":{"line":140,"column":6}},"line":123},"6":{"name":"exportToPDF","decl":{"start":{"line":143,"column":4},"end":{"line":171,"column":6}},"loc":{"start":{"line":143,"column":4},"end":{"line":171,"column":6}},"line":143},"7":{"name":"setViewMode","decl":{"start":{"line":174,"column":4},"end":{"line":196,"column":6}},"loc":{"start":{"line":174,"column":4},"end":{"line":196,"column":6}},"line":174},"8":{"name":"setDateRange","decl":{"start":{"line":199,"column":4},"end":{"line":201,"column":6}},"loc":{"start":{"line":199,"column":4},"end":{"line":201,"column":6}},"line":199},"9":{"name":"setDepartmentFilter","decl":{"start":{"line":204,"column":4},"end":{"line":206,"column":6}},"loc":{"start":{"line":204,"column":4},"end":{"line":206,"column":6}},"line":204},"10":{"name":"resetFilters","decl":{"start":{"line":209,"column":4},"end":{"line":217,"column":5}},"loc":{"start":{"line":209,"column":4},"end":{"line":217,"column":5}},"line":209},"11":{"name":"filteredStatistics","decl":{"start":{"line":222,"column":4},"end":{"line":245,"column":6}},"loc":{"start":{"line":222,"column":4},"end":{"line":245,"column":6}},"line":222},"12":{"name":"statisticsSummary","decl":{"start":{"line":248,"column":4},"end":{"line":285,"column":6}},"loc":{"start":{"line":248,"column":4},"end":{"line":285,"column":6}},"line":248},"13":{"name":"chartData","decl":{"start":{"line":288,"column":4},"end":{"line":329,"column":5}},"loc":{"start":{"line":288,"column":4},"end":{"line":329,"column":5}},"line":288}},"f":{"0":5,"1":0,"2":0,"3":0,"4":0,"5":2,"6":1,"7":1,"8":0,"9":0,"10":0,"11":1,"12":1,"13":0}}
}
